TN:
SF:src/Common.ts
FN:5,(anonymous_7)
FN:108,(anonymous_8)
FN:132,(anonymous_9)
FN:165,(anonymous_11)
FN:179,(anonymous_12)
FN:194,(anonymous_13)
FN:211,(anonymous_14)
FNF:7
FNH:7
FNDA:26,(anonymous_7)
FNDA:25,(anonymous_8)
FNDA:138,(anonymous_9)
FNDA:3,(anonymous_11)
FNDA:6,(anonymous_12)
FNDA:4,(anonymous_13)
FNDA:10,(anonymous_14)
DA:5,26
DA:7,26
DA:9,26
DA:11,26
DA:13,26
DA:15,26
DA:17,26
DA:19,26
DA:21,26
DA:23,26
DA:25,26
DA:27,26
DA:29,26
DA:31,26
DA:33,26
DA:35,26
DA:37,26
DA:39,26
DA:83,26
DA:87,25
DA:92,25
DA:108,25
DA:137,138
DA:138,138
DA:140,138
DA:141,138
DA:151,138
DA:152,138
DA:166,3
DA:180,6
DA:181,6
DA:195,4
DA:196,4
DA:197,4
DA:198,4
DA:212,10
DA:213,10
DA:214,10
DA:215,10
LF:39
LH:39
BRDA:5,0,0,26
BRDA:5,0,1,26
BRDA:137,1,0,138
BRDA:137,1,1,0
BRF:4
BRH:3
end_of_record
TN:
SF:src/InstrumentsService.ts
FN:4,(anonymous_0)
FN:29,(anonymous_1)
FN:52,(anonymous_2)
FN:65,(anonymous_3)
FN:78,(anonymous_4)
FN:91,(anonymous_5)
FN:104,(anonymous_6)
FN:121,(anonymous_7)
FN:137,(anonymous_8)
FN:162,(anonymous_9)
FN:179,(anonymous_10)
FN:192,(anonymous_11)
FN:205,(anonymous_12)
FN:220,(anonymous_13)
FN:2137,(anonymous_14)
FN:2159,(anonymous_15)
FN:2177,(anonymous_16)
FN:2197,(anonymous_17)
FN:2219,(anonymous_18)
FN:2237,(anonymous_19)
FN:2257,(anonymous_20)
FN:2275,(anonymous_21)
FN:2295,(anonymous_22)
FN:2313,(anonymous_23)
FN:2333,(anonymous_24)
FN:2352,(anonymous_25)
FN:2371,(anonymous_26)
FN:2391,(anonymous_27)
FN:2409,(anonymous_28)
FN:2429,(anonymous_29)
FN:2449,(anonymous_30)
FN:2471,(anonymous_31)
FN:2491,(anonymous_32)
FN:2511,(anonymous_33)
FN:2530,(anonymous_34)
FN:2546,(anonymous_35)
FN:2567,(anonymous_36)
FN:2585,(anonymous_37)
FN:2607,(anonymous_38)
FN:2625,(anonymous_39)
FN:2643,(anonymous_40)
FNF:41
FNH:41
FNDA:26,(anonymous_0)
FNDA:26,(anonymous_1)
FNDA:26,(anonymous_2)
FNDA:26,(anonymous_3)
FNDA:26,(anonymous_4)
FNDA:26,(anonymous_5)
FNDA:26,(anonymous_6)
FNDA:26,(anonymous_7)
FNDA:26,(anonymous_8)
FNDA:26,(anonymous_9)
FNDA:26,(anonymous_10)
FNDA:26,(anonymous_11)
FNDA:26,(anonymous_12)
FNDA:26,(anonymous_13)
FNDA:2,(anonymous_14)
FNDA:5,(anonymous_15)
FNDA:3,(anonymous_16)
FNDA:1,(anonymous_17)
FNDA:5,(anonymous_18)
FNDA:3,(anonymous_19)
FNDA:5,(anonymous_20)
FNDA:3,(anonymous_21)
FNDA:5,(anonymous_22)
FNDA:3,(anonymous_23)
FNDA:5,(anonymous_24)
FNDA:3,(anonymous_25)
FNDA:1,(anonymous_26)
FNDA:7,(anonymous_27)
FNDA:3,(anonymous_28)
FNDA:1,(anonymous_29)
FNDA:1,(anonymous_30)
FNDA:5,(anonymous_31)
FNDA:1,(anonymous_32)
FNDA:1,(anonymous_33)
FNDA:9,(anonymous_34)
FNDA:1,(anonymous_35)
FNDA:3,(anonymous_36)
FNDA:1,(anonymous_37)
FNDA:10,(anonymous_38)
FNDA:1,(anonymous_39)
FNDA:1,(anonymous_40)
DA:1,26
DA:4,26
DA:6,26
DA:8,26
DA:10,26
DA:12,26
DA:14,26
DA:16,26
DA:18,26
DA:20,26
DA:22,26
DA:29,26
DA:31,26
DA:33,26
DA:35,26
DA:37,26
DA:39,26
DA:41,26
DA:43,26
DA:45,26
DA:52,26
DA:54,26
DA:56,26
DA:58,26
DA:65,26
DA:67,26
DA:69,26
DA:71,26
DA:78,26
DA:80,26
DA:82,26
DA:84,26
DA:91,26
DA:93,26
DA:95,26
DA:97,26
DA:104,26
DA:106,26
DA:108,26
DA:110,26
DA:112,26
DA:114,26
DA:121,26
DA:123,26
DA:128,26
DA:130,26
DA:137,26
DA:139,26
DA:141,26
DA:143,26
DA:145,26
DA:147,26
DA:149,26
DA:151,26
DA:153,26
DA:155,26
DA:162,26
DA:164,26
DA:166,26
DA:168,26
DA:170,26
DA:172,26
DA:179,26
DA:181,26
DA:183,26
DA:185,26
DA:192,26
DA:194,26
DA:196,26
DA:198,26
DA:205,26
DA:207,26
DA:209,26
DA:211,26
DA:213,26
DA:220,26
DA:222,26
DA:224,26
DA:226,26
DA:2120,26
DA:2140,2
DA:2160,5
DA:2178,3
DA:2200,1
DA:2220,5
DA:2238,3
DA:2258,5
DA:2276,3
DA:2296,5
DA:2314,3
DA:2334,5
DA:2353,3
DA:2372,1
DA:2392,7
DA:2410,3
DA:2432,1
DA:2452,1
DA:2472,5
DA:2494,1
DA:2512,1
DA:2531,9
DA:2549,1
DA:2570,3
DA:2588,1
DA:2610,10
DA:2626,1
DA:2644,1
LF:107
LH:107
BRDA:4,0,0,26
BRDA:4,0,1,26
BRDA:29,1,0,26
BRDA:29,1,1,26
BRDA:52,2,0,26
BRDA:52,2,1,26
BRDA:65,3,0,26
BRDA:65,3,1,26
BRDA:78,4,0,26
BRDA:78,4,1,26
BRDA:91,5,0,26
BRDA:91,5,1,26
BRDA:104,6,0,26
BRDA:104,6,1,26
BRDA:121,7,0,26
BRDA:121,7,1,26
BRDA:137,8,0,26
BRDA:137,8,1,26
BRDA:162,9,0,26
BRDA:162,9,1,26
BRDA:179,10,0,26
BRDA:179,10,1,26
BRDA:192,11,0,26
BRDA:192,11,1,26
BRDA:205,12,0,26
BRDA:205,12,1,26
BRDA:220,13,0,26
BRDA:220,13,1,26
BRF:28
BRH:28
end_of_record
TN:
SF:src/MarketDataService.ts
FN:7,(anonymous_0)
FN:20,(anonymous_1)
FN:446,(anonymous_2)
FN:464,(anonymous_3)
FN:485,(anonymous_4)
FN:505,(anonymous_5)
FN:525,(anonymous_6)
FN:547,(anonymous_7)
FN:567,(anonymous_8)
FNF:9
FNH:9
FNDA:26,(anonymous_0)
FNDA:26,(anonymous_1)
FNDA:14,(anonymous_2)
FNDA:1,(anonymous_3)
FNDA:1,(anonymous_4)
FNDA:1,(anonymous_5)
FNDA:1,(anonymous_6)
FNDA:1,(anonymous_7)
FNDA:1,(anonymous_8)
DA:1,26
DA:7,26
DA:9,26
DA:11,26
DA:13,26
DA:20,26
DA:22,26
DA:24,26
DA:26,26
DA:28,26
DA:30,26
DA:32,26
DA:34,26
DA:36,26
DA:38,26
DA:40,26
DA:42,26
DA:44,26
DA:46,26
DA:48,26
DA:428,26
DA:447,14
DA:467,1
DA:488,1
DA:508,1
DA:528,1
DA:550,1
DA:570,1
LF:28
LH:28
BRDA:7,0,0,26
BRDA:7,0,1,26
BRDA:20,1,0,26
BRDA:20,1,1,26
BRF:4
BRH:4
end_of_record
TN:
SF:src/OperationsService.ts
FN:7,(anonymous_0)
FN:22,(anonymous_1)
FN:153,(anonymous_2)
FN:1059,(anonymous_3)
FN:1078,(anonymous_4)
FN:1096,(anonymous_5)
FN:1114,(anonymous_6)
FN:1139,(anonymous_7)
FN:1164,(anonymous_8)
FN:1202,(anonymous_9)
FNF:10
FNH:10
FNDA:26,(anonymous_0)
FNDA:26,(anonymous_1)
FNDA:26,(anonymous_2)
FNDA:1,(anonymous_3)
FNDA:1,(anonymous_4)
FNDA:1,(anonymous_5)
FNDA:1,(anonymous_6)
FNDA:1,(anonymous_7)
FNDA:1,(anonymous_8)
FNDA:1,(anonymous_9)
DA:1,26
DA:7,26
DA:9,26
DA:11,26
DA:13,26
DA:15,26
DA:22,26
DA:24,26
DA:26,26
DA:28,26
DA:30,26
DA:32,26
DA:34,26
DA:36,26
DA:38,26
DA:40,26
DA:42,26
DA:44,26
DA:46,26
DA:48,26
DA:50,26
DA:52,26
DA:54,26
DA:56,26
DA:58,26
DA:60,26
DA:62,26
DA:64,26
DA:66,26
DA:68,26
DA:70,26
DA:72,26
DA:74,26
DA:76,26
DA:78,26
DA:80,26
DA:82,26
DA:84,26
DA:86,26
DA:88,26
DA:90,26
DA:92,26
DA:94,26
DA:96,26
DA:98,26
DA:100,26
DA:102,26
DA:104,26
DA:106,26
DA:108,26
DA:110,26
DA:112,26
DA:114,26
DA:116,26
DA:118,26
DA:120,26
DA:122,26
DA:124,26
DA:126,26
DA:128,26
DA:130,26
DA:132,26
DA:134,26
DA:136,26
DA:138,26
DA:140,26
DA:142,26
DA:144,26
DA:146,26
DA:153,26
DA:155,26
DA:157,26
DA:159,26
DA:1039,26
DA:1060,1
DA:1079,1
DA:1097,1
DA:1117,1
DA:1142,1
DA:1167,1
DA:1205,1
LF:81
LH:81
BRDA:7,0,0,26
BRDA:7,0,1,26
BRDA:22,1,0,26
BRDA:22,1,1,26
BRDA:153,2,0,26
BRDA:153,2,1,26
BRF:6
BRH:6
end_of_record
TN:
SF:src/OrdersService.ts
FN:7,(anonymous_0)
FN:20,(anonymous_1)
FN:35,(anonymous_2)
FN:54,(anonymous_3)
FN:357,(anonymous_4)
FN:376,(anonymous_5)
FN:395,(anonymous_6)
FN:413,(anonymous_7)
FN:436,(anonymous_8)
FNF:9
FNH:4
FNDA:26,(anonymous_0)
FNDA:26,(anonymous_1)
FNDA:26,(anonymous_2)
FNDA:26,(anonymous_3)
FNDA:0,(anonymous_4)
FNDA:0,(anonymous_5)
FNDA:0,(anonymous_6)
FNDA:0,(anonymous_7)
FNDA:0,(anonymous_8)
DA:1,26
DA:7,26
DA:9,26
DA:11,26
DA:13,26
DA:20,26
DA:22,26
DA:24,26
DA:26,26
DA:28,26
DA:35,26
DA:37,26
DA:39,26
DA:41,26
DA:43,26
DA:45,26
DA:47,26
DA:54,26
DA:56,26
DA:58,26
DA:60,26
DA:335,26
DA:358,0
DA:377,0
DA:396,0
DA:414,0
DA:437,0
LF:27
LH:22
BRDA:7,0,0,26
BRDA:7,0,1,26
BRDA:20,1,0,26
BRDA:20,1,1,26
BRDA:35,2,0,26
BRDA:35,2,1,26
BRDA:54,3,0,26
BRDA:54,3,1,26
BRF:8
BRH:8
end_of_record
TN:
SF:src/SandboxService.ts
FN:94,(anonymous_0)
FN:112,(anonymous_1)
FN:132,(anonymous_2)
FN:158,(anonymous_3)
FN:181,(anonymous_4)
FN:201,(anonymous_5)
FN:220,(anonymous_6)
FN:242,(anonymous_7)
FN:260,(anonymous_8)
FN:283,(anonymous_9)
FN:316,(anonymous_10)
FN:337,(anonymous_11)
FN:358,(anonymous_12)
FN:378,(anonymous_13)
FNF:14
FNH:14
FNDA:1,(anonymous_0)
FNDA:1,(anonymous_1)
FNDA:1,(anonymous_2)
FNDA:2,(anonymous_3)
FNDA:1,(anonymous_4)
FNDA:1,(anonymous_5)
FNDA:1,(anonymous_6)
FNDA:1,(anonymous_7)
FNDA:1,(anonymous_8)
FNDA:1,(anonymous_9)
FNDA:1,(anonymous_10)
FNDA:3,(anonymous_11)
FNDA:1,(anonymous_12)
FNDA:1,(anonymous_13)
DA:1,26
DA:81,26
DA:97,1
DA:115,1
DA:135,1
DA:159,2
DA:184,1
DA:202,1
DA:223,1
DA:243,1
DA:263,1
DA:286,1
DA:319,1
DA:340,3
DA:361,1
DA:381,1
LF:16
LH:16
BRF:0
BRH:0
end_of_record
TN:
SF:src/StopOrdersService.ts
FN:7,(anonymous_0)
FN:20,(anonymous_1)
FN:33,(anonymous_2)
FN:218,(anonymous_3)
FN:238,(anonymous_4)
FN:259,(anonymous_5)
FNF:6
FNH:3
FNDA:26,(anonymous_0)
FNDA:26,(anonymous_1)
FNDA:26,(anonymous_2)
FNDA:0,(anonymous_3)
FNDA:0,(anonymous_4)
FNDA:0,(anonymous_5)
DA:1,26
DA:7,26
DA:9,26
DA:11,26
DA:13,26
DA:20,26
DA:22,26
DA:24,26
DA:26,26
DA:33,26
DA:35,26
DA:37,26
DA:39,26
DA:41,26
DA:194,26
DA:221,0
DA:241,0
DA:262,0
LF:18
LH:15
BRDA:7,0,0,26
BRDA:7,0,1,26
BRDA:20,1,0,26
BRDA:20,1,1,26
BRDA:33,2,0,26
BRDA:33,2,1,26
BRF:6
BRH:6
end_of_record
TN:
SF:src/UsersService.ts
FN:7,(anonymous_0)
FN:22,(anonymous_1)
FN:37,(anonymous_2)
FN:217,(anonymous_3)
FN:233,(anonymous_4)
FN:251,(anonymous_5)
FN:269,(anonymous_6)
FNF:7
FNH:7
FNDA:26,(anonymous_0)
FNDA:26,(anonymous_1)
FNDA:26,(anonymous_2)
FNDA:2,(anonymous_3)
FNDA:1,(anonymous_4)
FNDA:1,(anonymous_5)
FNDA:1,(anonymous_6)
DA:1,26
DA:7,26
DA:9,26
DA:11,26
DA:13,26
DA:15,26
DA:22,26
DA:24,26
DA:26,26
DA:28,26
DA:30,26
DA:37,26
DA:39,26
DA:41,26
DA:43,26
DA:45,26
DA:204,26
DA:218,2
DA:236,1
DA:254,1
DA:270,1
LF:21
LH:21
BRDA:7,0,0,26
BRDA:7,0,1,26
BRDA:22,1,0,26
BRDA:22,1,1,26
BRDA:37,2,0,26
BRDA:37,2,1,26
BRF:6
BRH:6
end_of_record
TN:
SF:src/index.ts
FNF:0
FNH:0
DA:1,26
DA:2,26
DA:3,26
DA:4,26
DA:5,26
DA:6,26
DA:7,26
DA:8,26
LF:8
LH:8
BRF:0
BRH:0
end_of_record
