<?xml version="1.0" encoding="UTF-8"?>
<coverage generated="1692348166343" clover="3.2.0">
  <project timestamp="1692348166343" name="All files">
    <metrics statements="334" coveredstatements="279" conditionals="62" coveredconditionals="61" methods="99" coveredmethods="44" elements="495" coveredelements="384" complexity="0" loc="334" ncloc="334" packages="1" files="9" classes="9"/>
    <file name="Common.ts" path="/workspaces/tinkoff/src/Common.ts">
      <metrics statements="28" coveredstatements="28" conditionals="4" coveredconditionals="3" methods="3" coveredmethods="3"/>
      <line num="1" count="9" type="cond" truecount="2" falsecount="0"/>
      <line num="2" count="9" type="stmt"/>
      <line num="3" count="9" type="stmt"/>
      <line num="4" count="9" type="stmt"/>
      <line num="5" count="9" type="stmt"/>
      <line num="6" count="9" type="stmt"/>
      <line num="7" count="9" type="stmt"/>
      <line num="8" count="9" type="stmt"/>
      <line num="9" count="9" type="stmt"/>
      <line num="10" count="9" type="stmt"/>
      <line num="11" count="9" type="stmt"/>
      <line num="12" count="9" type="stmt"/>
      <line num="13" count="9" type="stmt"/>
      <line num="14" count="9" type="stmt"/>
      <line num="15" count="9" type="stmt"/>
      <line num="16" count="9" type="stmt"/>
      <line num="17" count="9" type="stmt"/>
      <line num="18" count="9" type="stmt"/>
      <line num="37" count="9" type="stmt"/>
      <line num="41" count="9" type="stmt"/>
      <line num="46" count="9" type="stmt"/>
      <line num="53" count="9" type="stmt"/>
      <line num="66" count="25" type="cond" truecount="1" falsecount="1"/>
      <line num="67" count="25" type="stmt"/>
      <line num="69" count="25" type="stmt"/>
      <line num="70" count="25" type="stmt"/>
      <line num="80" count="25" type="stmt"/>
      <line num="81" count="25" type="stmt"/>
    </file>
    <file name="InstrumentsService.ts" path="/workspaces/tinkoff/src/InstrumentsService.ts">
      <metrics statements="107" coveredstatements="87" conditionals="28" coveredconditionals="28" methods="41" coveredmethods="21"/>
      <line num="1" count="9" type="stmt"/>
      <line num="6" count="9" type="cond" truecount="2" falsecount="0"/>
      <line num="8" count="9" type="stmt"/>
      <line num="10" count="9" type="stmt"/>
      <line num="12" count="9" type="stmt"/>
      <line num="14" count="9" type="stmt"/>
      <line num="16" count="9" type="stmt"/>
      <line num="18" count="9" type="stmt"/>
      <line num="20" count="9" type="stmt"/>
      <line num="22" count="9" type="stmt"/>
      <line num="24" count="9" type="stmt"/>
      <line num="31" count="9" type="cond" truecount="2" falsecount="0"/>
      <line num="33" count="9" type="stmt"/>
      <line num="35" count="9" type="stmt"/>
      <line num="37" count="9" type="stmt"/>
      <line num="39" count="9" type="stmt"/>
      <line num="41" count="9" type="stmt"/>
      <line num="43" count="9" type="stmt"/>
      <line num="45" count="9" type="stmt"/>
      <line num="47" count="9" type="stmt"/>
      <line num="54" count="9" type="cond" truecount="2" falsecount="0"/>
      <line num="56" count="9" type="stmt"/>
      <line num="58" count="9" type="stmt"/>
      <line num="60" count="9" type="stmt"/>
      <line num="67" count="9" type="cond" truecount="2" falsecount="0"/>
      <line num="69" count="9" type="stmt"/>
      <line num="71" count="9" type="stmt"/>
      <line num="73" count="9" type="stmt"/>
      <line num="80" count="9" type="cond" truecount="2" falsecount="0"/>
      <line num="82" count="9" type="stmt"/>
      <line num="84" count="9" type="stmt"/>
      <line num="86" count="9" type="stmt"/>
      <line num="93" count="9" type="cond" truecount="2" falsecount="0"/>
      <line num="95" count="9" type="stmt"/>
      <line num="97" count="9" type="stmt"/>
      <line num="99" count="9" type="stmt"/>
      <line num="106" count="9" type="cond" truecount="2" falsecount="0"/>
      <line num="108" count="9" type="stmt"/>
      <line num="110" count="9" type="stmt"/>
      <line num="112" count="9" type="stmt"/>
      <line num="114" count="9" type="stmt"/>
      <line num="116" count="9" type="stmt"/>
      <line num="123" count="9" type="cond" truecount="2" falsecount="0"/>
      <line num="125" count="9" type="stmt"/>
      <line num="130" count="9" type="stmt"/>
      <line num="132" count="9" type="stmt"/>
      <line num="139" count="9" type="cond" truecount="2" falsecount="0"/>
      <line num="141" count="9" type="stmt"/>
      <line num="143" count="9" type="stmt"/>
      <line num="145" count="9" type="stmt"/>
      <line num="147" count="9" type="stmt"/>
      <line num="149" count="9" type="stmt"/>
      <line num="151" count="9" type="stmt"/>
      <line num="153" count="9" type="stmt"/>
      <line num="155" count="9" type="stmt"/>
      <line num="157" count="9" type="stmt"/>
      <line num="164" count="9" type="cond" truecount="2" falsecount="0"/>
      <line num="166" count="9" type="stmt"/>
      <line num="168" count="9" type="stmt"/>
      <line num="170" count="9" type="stmt"/>
      <line num="172" count="9" type="stmt"/>
      <line num="174" count="9" type="stmt"/>
      <line num="181" count="9" type="cond" truecount="2" falsecount="0"/>
      <line num="183" count="9" type="stmt"/>
      <line num="185" count="9" type="stmt"/>
      <line num="187" count="9" type="stmt"/>
      <line num="194" count="9" type="cond" truecount="2" falsecount="0"/>
      <line num="196" count="9" type="stmt"/>
      <line num="198" count="9" type="stmt"/>
      <line num="200" count="9" type="stmt"/>
      <line num="207" count="9" type="cond" truecount="2" falsecount="0"/>
      <line num="209" count="9" type="stmt"/>
      <line num="211" count="9" type="stmt"/>
      <line num="213" count="9" type="stmt"/>
      <line num="215" count="9" type="stmt"/>
      <line num="222" count="9" type="cond" truecount="2" falsecount="0"/>
      <line num="224" count="9" type="stmt"/>
      <line num="226" count="9" type="stmt"/>
      <line num="228" count="9" type="stmt"/>
      <line num="2122" count="9" type="stmt"/>
      <line num="2142" count="2" type="stmt"/>
      <line num="2150" count="0" type="stmt"/>
      <line num="2168" count="3" type="stmt"/>
      <line num="2178" count="0" type="stmt"/>
      <line num="2186" count="0" type="stmt"/>
      <line num="2204" count="3" type="stmt"/>
      <line num="2212" count="0" type="stmt"/>
      <line num="2230" count="3" type="stmt"/>
      <line num="2238" count="0" type="stmt"/>
      <line num="2256" count="3" type="stmt"/>
      <line num="2264" count="0" type="stmt"/>
      <line num="2283" count="3" type="stmt"/>
      <line num="2291" count="0" type="stmt"/>
      <line num="2299" count="0" type="stmt"/>
      <line num="2317" count="3" type="stmt"/>
      <line num="2327" count="0" type="stmt"/>
      <line num="2337" count="0" type="stmt"/>
      <line num="2345" count="0" type="stmt"/>
      <line num="2355" count="0" type="stmt"/>
      <line num="2363" count="0" type="stmt"/>
      <line num="2372" count="0" type="stmt"/>
      <line num="2382" count="0" type="stmt"/>
      <line num="2392" count="0" type="stmt"/>
      <line num="2402" count="0" type="stmt"/>
      <line num="2412" count="0" type="stmt"/>
      <line num="2420" count="0" type="stmt"/>
      <line num="2428" count="0" type="stmt"/>
    </file>
    <file name="MarketDataService.ts" path="/workspaces/tinkoff/src/MarketDataService.ts">
      <metrics statements="28" coveredstatements="21" conditionals="4" coveredconditionals="4" methods="9" coveredmethods="2"/>
      <line num="1" count="9" type="stmt"/>
      <line num="7" count="9" type="cond" truecount="2" falsecount="0"/>
      <line num="9" count="9" type="stmt"/>
      <line num="11" count="9" type="stmt"/>
      <line num="13" count="9" type="stmt"/>
      <line num="20" count="9" type="cond" truecount="2" falsecount="0"/>
      <line num="22" count="9" type="stmt"/>
      <line num="24" count="9" type="stmt"/>
      <line num="26" count="9" type="stmt"/>
      <line num="28" count="9" type="stmt"/>
      <line num="30" count="9" type="stmt"/>
      <line num="32" count="9" type="stmt"/>
      <line num="34" count="9" type="stmt"/>
      <line num="36" count="9" type="stmt"/>
      <line num="38" count="9" type="stmt"/>
      <line num="40" count="9" type="stmt"/>
      <line num="42" count="9" type="stmt"/>
      <line num="44" count="9" type="stmt"/>
      <line num="46" count="9" type="stmt"/>
      <line num="48" count="9" type="stmt"/>
      <line num="428" count="9" type="stmt"/>
      <line num="434" count="0" type="stmt"/>
      <line num="444" count="0" type="stmt"/>
      <line num="454" count="0" type="stmt"/>
      <line num="464" count="0" type="stmt"/>
      <line num="474" count="0" type="stmt"/>
      <line num="484" count="0" type="stmt"/>
      <line num="494" count="0" type="stmt"/>
    </file>
    <file name="OperationsService.ts" path="/workspaces/tinkoff/src/OperationsService.ts">
      <metrics statements="81" coveredstatements="74" conditionals="6" coveredconditionals="6" methods="10" coveredmethods="3"/>
      <line num="1" count="9" type="stmt"/>
      <line num="8" count="9" type="cond" truecount="2" falsecount="0"/>
      <line num="10" count="9" type="stmt"/>
      <line num="12" count="9" type="stmt"/>
      <line num="14" count="9" type="stmt"/>
      <line num="16" count="9" type="stmt"/>
      <line num="23" count="9" type="cond" truecount="2" falsecount="0"/>
      <line num="25" count="9" type="stmt"/>
      <line num="27" count="9" type="stmt"/>
      <line num="29" count="9" type="stmt"/>
      <line num="31" count="9" type="stmt"/>
      <line num="33" count="9" type="stmt"/>
      <line num="35" count="9" type="stmt"/>
      <line num="37" count="9" type="stmt"/>
      <line num="39" count="9" type="stmt"/>
      <line num="41" count="9" type="stmt"/>
      <line num="43" count="9" type="stmt"/>
      <line num="45" count="9" type="stmt"/>
      <line num="47" count="9" type="stmt"/>
      <line num="49" count="9" type="stmt"/>
      <line num="51" count="9" type="stmt"/>
      <line num="53" count="9" type="stmt"/>
      <line num="55" count="9" type="stmt"/>
      <line num="57" count="9" type="stmt"/>
      <line num="59" count="9" type="stmt"/>
      <line num="61" count="9" type="stmt"/>
      <line num="63" count="9" type="stmt"/>
      <line num="65" count="9" type="stmt"/>
      <line num="67" count="9" type="stmt"/>
      <line num="69" count="9" type="stmt"/>
      <line num="71" count="9" type="stmt"/>
      <line num="73" count="9" type="stmt"/>
      <line num="75" count="9" type="stmt"/>
      <line num="77" count="9" type="stmt"/>
      <line num="79" count="9" type="stmt"/>
      <line num="81" count="9" type="stmt"/>
      <line num="83" count="9" type="stmt"/>
      <line num="85" count="9" type="stmt"/>
      <line num="87" count="9" type="stmt"/>
      <line num="89" count="9" type="stmt"/>
      <line num="91" count="9" type="stmt"/>
      <line num="93" count="9" type="stmt"/>
      <line num="95" count="9" type="stmt"/>
      <line num="97" count="9" type="stmt"/>
      <line num="99" count="9" type="stmt"/>
      <line num="101" count="9" type="stmt"/>
      <line num="103" count="9" type="stmt"/>
      <line num="105" count="9" type="stmt"/>
      <line num="107" count="9" type="stmt"/>
      <line num="109" count="9" type="stmt"/>
      <line num="111" count="9" type="stmt"/>
      <line num="113" count="9" type="stmt"/>
      <line num="115" count="9" type="stmt"/>
      <line num="117" count="9" type="stmt"/>
      <line num="119" count="9" type="stmt"/>
      <line num="121" count="9" type="stmt"/>
      <line num="123" count="9" type="stmt"/>
      <line num="125" count="9" type="stmt"/>
      <line num="127" count="9" type="stmt"/>
      <line num="129" count="9" type="stmt"/>
      <line num="131" count="9" type="stmt"/>
      <line num="133" count="9" type="stmt"/>
      <line num="135" count="9" type="stmt"/>
      <line num="137" count="9" type="stmt"/>
      <line num="139" count="9" type="stmt"/>
      <line num="141" count="9" type="stmt"/>
      <line num="143" count="9" type="stmt"/>
      <line num="145" count="9" type="stmt"/>
      <line num="147" count="9" type="stmt"/>
      <line num="154" count="9" type="cond" truecount="2" falsecount="0"/>
      <line num="156" count="9" type="stmt"/>
      <line num="158" count="9" type="stmt"/>
      <line num="160" count="9" type="stmt"/>
      <line num="1035" count="9" type="stmt"/>
      <line num="1042" count="0" type="stmt"/>
      <line num="1050" count="0" type="stmt"/>
      <line num="1058" count="0" type="stmt"/>
      <line num="1068" count="0" type="stmt"/>
      <line num="1078" count="0" type="stmt"/>
      <line num="1088" count="0" type="stmt"/>
      <line num="1103" count="0" type="stmt"/>
    </file>
    <file name="OrdersService.ts" path="/workspaces/tinkoff/src/OrdersService.ts">
      <metrics statements="27" coveredstatements="22" conditionals="8" coveredconditionals="8" methods="9" coveredmethods="4"/>
      <line num="1" count="9" type="stmt"/>
      <line num="7" count="9" type="cond" truecount="2" falsecount="0"/>
      <line num="9" count="9" type="stmt"/>
      <line num="11" count="9" type="stmt"/>
      <line num="13" count="9" type="stmt"/>
      <line num="20" count="9" type="cond" truecount="2" falsecount="0"/>
      <line num="22" count="9" type="stmt"/>
      <line num="24" count="9" type="stmt"/>
      <line num="26" count="9" type="stmt"/>
      <line num="28" count="9" type="stmt"/>
      <line num="35" count="9" type="cond" truecount="2" falsecount="0"/>
      <line num="37" count="9" type="stmt"/>
      <line num="39" count="9" type="stmt"/>
      <line num="41" count="9" type="stmt"/>
      <line num="43" count="9" type="stmt"/>
      <line num="45" count="9" type="stmt"/>
      <line num="47" count="9" type="stmt"/>
      <line num="54" count="9" type="cond" truecount="2" falsecount="0"/>
      <line num="56" count="9" type="stmt"/>
      <line num="58" count="9" type="stmt"/>
      <line num="60" count="9" type="stmt"/>
      <line num="335" count="9" type="stmt"/>
      <line num="341" count="0" type="stmt"/>
      <line num="349" count="0" type="stmt"/>
      <line num="357" count="0" type="stmt"/>
      <line num="365" count="0" type="stmt"/>
      <line num="373" count="0" type="stmt"/>
    </file>
    <file name="SandboxService.ts" path="/workspaces/tinkoff/src/SandboxService.ts">
      <metrics statements="16" coveredstatements="3" conditionals="0" coveredconditionals="0" methods="14" coveredmethods="1"/>
      <line num="1" count="9" type="stmt"/>
      <line num="47" count="9" type="stmt"/>
      <line num="55" count="0" type="stmt"/>
      <line num="73" count="1" type="stmt"/>
      <line num="83" count="0" type="stmt"/>
      <line num="91" count="0" type="stmt"/>
      <line num="101" count="0" type="stmt"/>
      <line num="109" count="0" type="stmt"/>
      <line num="119" count="0" type="stmt"/>
      <line num="128" count="0" type="stmt"/>
      <line num="138" count="0" type="stmt"/>
      <line num="148" count="0" type="stmt"/>
      <line num="158" count="0" type="stmt"/>
      <line num="168" count="0" type="stmt"/>
      <line num="178" count="0" type="stmt"/>
      <line num="188" count="0" type="stmt"/>
    </file>
    <file name="StopOrdersService.ts" path="/workspaces/tinkoff/src/StopOrdersService.ts">
      <metrics statements="18" coveredstatements="15" conditionals="6" coveredconditionals="6" methods="6" coveredmethods="3"/>
      <line num="1" count="9" type="stmt"/>
      <line num="7" count="9" type="cond" truecount="2" falsecount="0"/>
      <line num="9" count="9" type="stmt"/>
      <line num="11" count="9" type="stmt"/>
      <line num="13" count="9" type="stmt"/>
      <line num="20" count="9" type="cond" truecount="2" falsecount="0"/>
      <line num="22" count="9" type="stmt"/>
      <line num="24" count="9" type="stmt"/>
      <line num="26" count="9" type="stmt"/>
      <line num="33" count="9" type="cond" truecount="2" falsecount="0"/>
      <line num="35" count="9" type="stmt"/>
      <line num="37" count="9" type="stmt"/>
      <line num="39" count="9" type="stmt"/>
      <line num="41" count="9" type="stmt"/>
      <line num="194" count="9" type="stmt"/>
      <line num="202" count="0" type="stmt"/>
      <line num="212" count="0" type="stmt"/>
      <line num="222" count="0" type="stmt"/>
    </file>
    <file name="UsersService.ts" path="/workspaces/tinkoff/src/UsersService.ts">
      <metrics statements="21" coveredstatements="21" conditionals="6" coveredconditionals="6" methods="7" coveredmethods="7"/>
      <line num="1" count="9" type="stmt"/>
      <line num="7" count="9" type="cond" truecount="2" falsecount="0"/>
      <line num="9" count="9" type="stmt"/>
      <line num="11" count="9" type="stmt"/>
      <line num="13" count="9" type="stmt"/>
      <line num="15" count="9" type="stmt"/>
      <line num="22" count="9" type="cond" truecount="2" falsecount="0"/>
      <line num="24" count="9" type="stmt"/>
      <line num="26" count="9" type="stmt"/>
      <line num="28" count="9" type="stmt"/>
      <line num="30" count="9" type="stmt"/>
      <line num="37" count="9" type="cond" truecount="2" falsecount="0"/>
      <line num="39" count="9" type="stmt"/>
      <line num="41" count="9" type="stmt"/>
      <line num="43" count="9" type="stmt"/>
      <line num="45" count="9" type="stmt"/>
      <line num="205" count="9" type="stmt"/>
      <line num="219" count="1" type="stmt"/>
      <line num="237" count="1" type="stmt"/>
      <line num="255" count="1" type="stmt"/>
      <line num="271" count="1" type="stmt"/>
    </file>
    <file name="index.ts" path="/workspaces/tinkoff/src/index.ts">
      <metrics statements="8" coveredstatements="8" conditionals="0" coveredconditionals="0" methods="0" coveredmethods="0"/>
      <line num="1" count="9" type="stmt"/>
      <line num="2" count="9" type="stmt"/>
      <line num="3" count="9" type="stmt"/>
      <line num="4" count="9" type="stmt"/>
      <line num="5" count="9" type="stmt"/>
      <line num="6" count="9" type="stmt"/>
      <line num="7" count="9" type="stmt"/>
      <line num="8" count="9" type="stmt"/>
    </file>
  </project>
</coverage>
