{"/workspaces/tinkoff/src/Common.ts": {"path":"/workspaces/tinkoff/src/Common.ts","statementMap":{"0":{"start":{"line":1,"column":0},"end":{"line":1,"column":null}},"1":{"start":{"line":2,"column":2},"end":{"line":2,"column":null}},"2":{"start":{"line":3,"column":2},"end":{"line":3,"column":null}},"3":{"start":{"line":4,"column":2},"end":{"line":4,"column":null}},"4":{"start":{"line":5,"column":2},"end":{"line":5,"column":null}},"5":{"start":{"line":6,"column":2},"end":{"line":6,"column":null}},"6":{"start":{"line":7,"column":2},"end":{"line":7,"column":null}},"7":{"start":{"line":8,"column":2},"end":{"line":8,"column":null}},"8":{"start":{"line":9,"column":2},"end":{"line":9,"column":null}},"9":{"start":{"line":10,"column":2},"end":{"line":10,"column":null}},"10":{"start":{"line":11,"column":2},"end":{"line":11,"column":null}},"11":{"start":{"line":12,"column":2},"end":{"line":12,"column":null}},"12":{"start":{"line":13,"column":2},"end":{"line":13,"column":null}},"13":{"start":{"line":14,"column":2},"end":{"line":14,"column":null}},"14":{"start":{"line":15,"column":2},"end":{"line":15,"column":null}},"15":{"start":{"line":16,"column":2},"end":{"line":16,"column":null}},"16":{"start":{"line":17,"column":2},"end":{"line":17,"column":null}},"17":{"start":{"line":18,"column":2},"end":{"line":18,"column":null}},"18":{"start":{"line":53,"column":22},"end":{"line":53,"column":35}},"19":{"start":{"line":53,"column":45},"end":{"line":53,"column":63}},"20":{"start":{"line":41,"column":10},"end":{"line":41,"column":null}},"21":{"start":{"line":46,"column":10},"end":{"line":46,"column":null}},"22":{"start":{"line":66,"column":19},"end":{"line":66,"column":70}},"23":{"start":{"line":67,"column":21},"end":{"line":67,"column":67}},"24":{"start":{"line":69,"column":16},"end":{"line":69,"column":58}},"25":{"start":{"line":70,"column":16},"end":{"line":78,"column":null}},"26":{"start":{"line":80,"column":16},"end":{"line":80,"column":37}},"27":{"start":{"line":81,"column":4},"end":{"line":81,"column":null}},"28":{"start":{"line":37,"column":0},"end":{"line":37,"column":13}}},"fnMap":{"0":{"name":"(anonymous_7)","decl":{"start":{"line":1,"column":0},"end":{"line":1,"column":12}},"loc":{"start":{"line":1,"column":33},"end":{"line":19,"column":1}}},"1":{"name":"(anonymous_8)","decl":{"start":{"line":53,"column":2},"end":{"line":53,"column":22}},"loc":{"start":{"line":53,"column":63},"end":{"line":53,"column":67}}},"2":{"name":"(anonymous_9)","decl":{"start":{"line":61,"column":18},"end":{"line":61,"column":25}},"loc":{"start":{"line":64,"column":13},"end":{"line":82,"column":null}}}},"branchMap":{"0":{"loc":{"start":{"line":1,"column":12},"end":{"line":1,"column":null}},"type":"binary-expr","locations":[{"start":{"line":1,"column":12},"end":{"line":1,"column":33}},{"start":{"line":1,"column":33},"end":{"line":1,"column":null}}]},"1":{"loc":{"start":{"line":66,"column":19},"end":{"line":66,"column":70}},"type":"cond-expr","locations":[{"start":{"line":66,"column":36},"end":{"line":66,"column":52}},{"start":{"line":66,"column":55},"end":{"line":66,"column":70}}]}},"s":{"0":9,"1":9,"2":9,"3":9,"4":9,"5":9,"6":9,"7":9,"8":9,"9":9,"10":9,"11":9,"12":9,"13":9,"14":9,"15":9,"16":9,"17":9,"18":9,"19":9,"20":9,"21":9,"22":25,"23":25,"24":25,"25":25,"26":25,"27":25,"28":9},"f":{"0":9,"1":9,"2":25},"b":{"0":[9,9],"1":[25,0]}}
,"/workspaces/tinkoff/src/InstrumentsService.ts": {"path":"/workspaces/tinkoff/src/InstrumentsService.ts","statementMap":{"0":{"start":{"line":1,"column":0},"end":{"line":1,"column":79}},"1":{"start":{"line":6,"column":0},"end":{"line":6,"column":null}},"2":{"start":{"line":8,"column":2},"end":{"line":8,"column":null}},"3":{"start":{"line":10,"column":2},"end":{"line":10,"column":null}},"4":{"start":{"line":12,"column":2},"end":{"line":12,"column":null}},"5":{"start":{"line":14,"column":2},"end":{"line":14,"column":null}},"6":{"start":{"line":16,"column":2},"end":{"line":16,"column":null}},"7":{"start":{"line":18,"column":2},"end":{"line":18,"column":null}},"8":{"start":{"line":20,"column":2},"end":{"line":20,"column":null}},"9":{"start":{"line":22,"column":2},"end":{"line":22,"column":null}},"10":{"start":{"line":24,"column":2},"end":{"line":24,"column":null}},"11":{"start":{"line":31,"column":0},"end":{"line":31,"column":null}},"12":{"start":{"line":33,"column":2},"end":{"line":33,"column":null}},"13":{"start":{"line":35,"column":2},"end":{"line":35,"column":null}},"14":{"start":{"line":37,"column":2},"end":{"line":37,"column":null}},"15":{"start":{"line":39,"column":2},"end":{"line":39,"column":null}},"16":{"start":{"line":41,"column":2},"end":{"line":41,"column":null}},"17":{"start":{"line":43,"column":2},"end":{"line":43,"column":null}},"18":{"start":{"line":45,"column":2},"end":{"line":45,"column":null}},"19":{"start":{"line":47,"column":2},"end":{"line":47,"column":null}},"20":{"start":{"line":54,"column":0},"end":{"line":54,"column":null}},"21":{"start":{"line":56,"column":2},"end":{"line":56,"column":null}},"22":{"start":{"line":58,"column":2},"end":{"line":58,"column":null}},"23":{"start":{"line":60,"column":2},"end":{"line":60,"column":null}},"24":{"start":{"line":67,"column":0},"end":{"line":67,"column":null}},"25":{"start":{"line":69,"column":2},"end":{"line":69,"column":null}},"26":{"start":{"line":71,"column":2},"end":{"line":71,"column":null}},"27":{"start":{"line":73,"column":2},"end":{"line":73,"column":null}},"28":{"start":{"line":80,"column":0},"end":{"line":80,"column":null}},"29":{"start":{"line":82,"column":2},"end":{"line":82,"column":null}},"30":{"start":{"line":84,"column":2},"end":{"line":84,"column":null}},"31":{"start":{"line":86,"column":2},"end":{"line":86,"column":null}},"32":{"start":{"line":93,"column":0},"end":{"line":93,"column":null}},"33":{"start":{"line":95,"column":2},"end":{"line":95,"column":null}},"34":{"start":{"line":97,"column":2},"end":{"line":97,"column":null}},"35":{"start":{"line":99,"column":2},"end":{"line":99,"column":null}},"36":{"start":{"line":106,"column":0},"end":{"line":106,"column":null}},"37":{"start":{"line":108,"column":2},"end":{"line":108,"column":null}},"38":{"start":{"line":110,"column":2},"end":{"line":110,"column":null}},"39":{"start":{"line":112,"column":2},"end":{"line":112,"column":null}},"40":{"start":{"line":114,"column":2},"end":{"line":114,"column":null}},"41":{"start":{"line":116,"column":2},"end":{"line":116,"column":null}},"42":{"start":{"line":123,"column":0},"end":{"line":123,"column":null}},"43":{"start":{"line":125,"column":2},"end":{"line":125,"column":null}},"44":{"start":{"line":130,"column":2},"end":{"line":130,"column":null}},"45":{"start":{"line":132,"column":2},"end":{"line":132,"column":null}},"46":{"start":{"line":139,"column":0},"end":{"line":139,"column":null}},"47":{"start":{"line":141,"column":2},"end":{"line":141,"column":null}},"48":{"start":{"line":143,"column":2},"end":{"line":143,"column":null}},"49":{"start":{"line":145,"column":2},"end":{"line":145,"column":null}},"50":{"start":{"line":147,"column":2},"end":{"line":147,"column":null}},"51":{"start":{"line":149,"column":2},"end":{"line":149,"column":null}},"52":{"start":{"line":151,"column":2},"end":{"line":151,"column":null}},"53":{"start":{"line":153,"column":2},"end":{"line":153,"column":null}},"54":{"start":{"line":155,"column":2},"end":{"line":155,"column":null}},"55":{"start":{"line":157,"column":2},"end":{"line":157,"column":null}},"56":{"start":{"line":164,"column":0},"end":{"line":164,"column":null}},"57":{"start":{"line":166,"column":2},"end":{"line":166,"column":null}},"58":{"start":{"line":168,"column":2},"end":{"line":168,"column":null}},"59":{"start":{"line":170,"column":2},"end":{"line":170,"column":null}},"60":{"start":{"line":172,"column":2},"end":{"line":172,"column":null}},"61":{"start":{"line":174,"column":2},"end":{"line":174,"column":null}},"62":{"start":{"line":181,"column":0},"end":{"line":181,"column":null}},"63":{"start":{"line":183,"column":2},"end":{"line":183,"column":null}},"64":{"start":{"line":185,"column":2},"end":{"line":185,"column":null}},"65":{"start":{"line":187,"column":2},"end":{"line":187,"column":null}},"66":{"start":{"line":194,"column":0},"end":{"line":194,"column":null}},"67":{"start":{"line":196,"column":2},"end":{"line":196,"column":null}},"68":{"start":{"line":198,"column":2},"end":{"line":198,"column":null}},"69":{"start":{"line":200,"column":2},"end":{"line":200,"column":null}},"70":{"start":{"line":207,"column":0},"end":{"line":207,"column":null}},"71":{"start":{"line":209,"column":2},"end":{"line":209,"column":null}},"72":{"start":{"line":211,"column":2},"end":{"line":211,"column":null}},"73":{"start":{"line":213,"column":2},"end":{"line":213,"column":null}},"74":{"start":{"line":215,"column":2},"end":{"line":215,"column":null}},"75":{"start":{"line":222,"column":0},"end":{"line":222,"column":null}},"76":{"start":{"line":224,"column":2},"end":{"line":224,"column":null}},"77":{"start":{"line":226,"column":2},"end":{"line":226,"column":null}},"78":{"start":{"line":228,"column":2},"end":{"line":228,"column":null}},"79":{"start":{"line":2142,"column":4},"end":{"line":2142,"column":null}},"80":{"start":{"line":2150,"column":4},"end":{"line":2150,"column":null}},"81":{"start":{"line":2168,"column":4},"end":{"line":2168,"column":null}},"82":{"start":{"line":2178,"column":4},"end":{"line":2178,"column":null}},"83":{"start":{"line":2186,"column":4},"end":{"line":2186,"column":null}},"84":{"start":{"line":2204,"column":4},"end":{"line":2204,"column":null}},"85":{"start":{"line":2212,"column":4},"end":{"line":2212,"column":null}},"86":{"start":{"line":2230,"column":4},"end":{"line":2230,"column":null}},"87":{"start":{"line":2238,"column":4},"end":{"line":2238,"column":null}},"88":{"start":{"line":2256,"column":4},"end":{"line":2256,"column":null}},"89":{"start":{"line":2264,"column":4},"end":{"line":2264,"column":null}},"90":{"start":{"line":2283,"column":4},"end":{"line":2283,"column":null}},"91":{"start":{"line":2291,"column":4},"end":{"line":2291,"column":null}},"92":{"start":{"line":2299,"column":4},"end":{"line":2299,"column":null}},"93":{"start":{"line":2317,"column":4},"end":{"line":2317,"column":null}},"94":{"start":{"line":2327,"column":4},"end":{"line":2327,"column":null}},"95":{"start":{"line":2337,"column":4},"end":{"line":2337,"column":null}},"96":{"start":{"line":2345,"column":4},"end":{"line":2345,"column":null}},"97":{"start":{"line":2355,"column":4},"end":{"line":2355,"column":null}},"98":{"start":{"line":2363,"column":4},"end":{"line":2363,"column":null}},"99":{"start":{"line":2372,"column":4},"end":{"line":2372,"column":null}},"100":{"start":{"line":2382,"column":4},"end":{"line":2382,"column":null}},"101":{"start":{"line":2392,"column":4},"end":{"line":2392,"column":null}},"102":{"start":{"line":2402,"column":4},"end":{"line":2402,"column":null}},"103":{"start":{"line":2412,"column":4},"end":{"line":2412,"column":null}},"104":{"start":{"line":2420,"column":4},"end":{"line":2420,"column":null}},"105":{"start":{"line":2428,"column":4},"end":{"line":2428,"column":null}},"106":{"start":{"line":2122,"column":0},"end":{"line":2122,"column":13}}},"fnMap":{"0":{"name":"(anonymous_0)","decl":{"start":{"line":6,"column":0},"end":{"line":6,"column":12}},"loc":{"start":{"line":6,"column":26},"end":{"line":25,"column":1}}},"1":{"name":"(anonymous_1)","decl":{"start":{"line":31,"column":0},"end":{"line":31,"column":12}},"loc":{"start":{"line":31,"column":22},"end":{"line":48,"column":1}}},"2":{"name":"(anonymous_2)","decl":{"start":{"line":54,"column":0},"end":{"line":54,"column":12}},"loc":{"start":{"line":54,"column":27},"end":{"line":61,"column":1}}},"3":{"name":"(anonymous_3)","decl":{"start":{"line":67,"column":0},"end":{"line":67,"column":12}},"loc":{"start":{"line":67,"column":29},"end":{"line":74,"column":1}}},"4":{"name":"(anonymous_4)","decl":{"start":{"line":80,"column":0},"end":{"line":80,"column":12}},"loc":{"start":{"line":80,"column":23},"end":{"line":87,"column":1}}},"5":{"name":"(anonymous_5)","decl":{"start":{"line":93,"column":0},"end":{"line":93,"column":12}},"loc":{"start":{"line":93,"column":32},"end":{"line":100,"column":1}}},"6":{"name":"(anonymous_6)","decl":{"start":{"line":106,"column":0},"end":{"line":106,"column":12}},"loc":{"start":{"line":106,"column":28},"end":{"line":117,"column":1}}},"7":{"name":"(anonymous_7)","decl":{"start":{"line":123,"column":0},"end":{"line":123,"column":12}},"loc":{"start":{"line":123,"column":28},"end":{"line":133,"column":1}}},"8":{"name":"(anonymous_8)","decl":{"start":{"line":139,"column":0},"end":{"line":139,"column":12}},"loc":{"start":{"line":139,"column":21},"end":{"line":158,"column":1}}},"9":{"name":"(anonymous_9)","decl":{"start":{"line":164,"column":0},"end":{"line":164,"column":12}},"loc":{"start":{"line":164,"column":21},"end":{"line":175,"column":1}}},"10":{"name":"(anonymous_10)","decl":{"start":{"line":181,"column":0},"end":{"line":181,"column":12}},"loc":{"start":{"line":181,"column":33},"end":{"line":188,"column":1}}},"11":{"name":"(anonymous_11)","decl":{"start":{"line":194,"column":0},"end":{"line":194,"column":12}},"loc":{"start":{"line":194,"column":35},"end":{"line":201,"column":1}}},"12":{"name":"(anonymous_12)","decl":{"start":{"line":207,"column":0},"end":{"line":207,"column":12}},"loc":{"start":{"line":207,"column":24},"end":{"line":216,"column":1}}},"13":{"name":"(anonymous_13)","decl":{"start":{"line":222,"column":0},"end":{"line":222,"column":12}},"loc":{"start":{"line":222,"column":21},"end":{"line":229,"column":1}}},"14":{"name":"(anonymous_14)","decl":{"start":{"line":2139,"column":9},"end":{"line":2139,"column":25}},"loc":{"start":{"line":2140,"column":33},"end":{"line":2143,"column":3}}},"15":{"name":"(anonymous_15)","decl":{"start":{"line":2149,"column":9},"end":{"line":2149,"column":15}},"loc":{"start":{"line":2149,"column":39},"end":{"line":2151,"column":3}}},"16":{"name":"(anonymous_16)","decl":{"start":{"line":2167,"column":9},"end":{"line":2167,"column":14}},"loc":{"start":{"line":2167,"column":39},"end":{"line":2169,"column":3}}},"17":{"name":"(anonymous_17)","decl":{"start":{"line":2175,"column":9},"end":{"line":2175,"column":23}},"loc":{"start":{"line":2176,"column":31},"end":{"line":2179,"column":3}}},"18":{"name":"(anonymous_18)","decl":{"start":{"line":2185,"column":9},"end":{"line":2185,"column":19}},"loc":{"start":{"line":2185,"column":43},"end":{"line":2187,"column":3}}},"19":{"name":"(anonymous_19)","decl":{"start":{"line":2203,"column":9},"end":{"line":2203,"column":19}},"loc":{"start":{"line":2203,"column":44},"end":{"line":2205,"column":3}}},"20":{"name":"(anonymous_20)","decl":{"start":{"line":2211,"column":9},"end":{"line":2211,"column":14}},"loc":{"start":{"line":2211,"column":38},"end":{"line":2213,"column":3}}},"21":{"name":"(anonymous_21)","decl":{"start":{"line":2229,"column":9},"end":{"line":2229,"column":13}},"loc":{"start":{"line":2229,"column":38},"end":{"line":2231,"column":3}}},"22":{"name":"(anonymous_22)","decl":{"start":{"line":2237,"column":9},"end":{"line":2237,"column":17}},"loc":{"start":{"line":2237,"column":41},"end":{"line":2239,"column":3}}},"23":{"name":"(anonymous_23)","decl":{"start":{"line":2255,"column":9},"end":{"line":2255,"column":16}},"loc":{"start":{"line":2255,"column":41},"end":{"line":2257,"column":3}}},"24":{"name":"(anonymous_24)","decl":{"start":{"line":2263,"column":9},"end":{"line":2263,"column":17}},"loc":{"start":{"line":2263,"column":41},"end":{"line":2265,"column":3}}},"25":{"name":"(anonymous_25)","decl":{"start":{"line":2282,"column":9},"end":{"line":2282,"column":16}},"loc":{"start":{"line":2282,"column":41},"end":{"line":2284,"column":3}}},"26":{"name":"(anonymous_26)","decl":{"start":{"line":2290,"column":9},"end":{"line":2290,"column":18}},"loc":{"start":{"line":2290,"column":45},"end":{"line":2292,"column":3}}},"27":{"name":"(anonymous_27)","decl":{"start":{"line":2298,"column":9},"end":{"line":2298,"column":16}},"loc":{"start":{"line":2298,"column":40},"end":{"line":2300,"column":3}}},"28":{"name":"(anonymous_28)","decl":{"start":{"line":2316,"column":9},"end":{"line":2316,"column":15}},"loc":{"start":{"line":2316,"column":40},"end":{"line":2318,"column":3}}},"29":{"name":"(anonymous_29)","decl":{"start":{"line":2324,"column":9},"end":{"line":2324,"column":28}},"loc":{"start":{"line":2325,"column":36},"end":{"line":2328,"column":3}}},"30":{"name":"(anonymous_30)","decl":{"start":{"line":2334,"column":9},"end":{"line":2334,"column":25}},"loc":{"start":{"line":2335,"column":33},"end":{"line":2338,"column":3}}},"31":{"name":"(anonymous_31)","decl":{"start":{"line":2344,"column":9},"end":{"line":2344,"column":24}},"loc":{"start":{"line":2344,"column":48},"end":{"line":2346,"column":3}}},"32":{"name":"(anonymous_32)","decl":{"start":{"line":2352,"column":9},"end":{"line":2352,"column":21}},"loc":{"start":{"line":2353,"column":29},"end":{"line":2356,"column":3}}},"33":{"name":"(anonymous_33)","decl":{"start":{"line":2362,"column":9},"end":{"line":2362,"column":19}},"loc":{"start":{"line":2362,"column":38},"end":{"line":2364,"column":3}}},"34":{"name":"(anonymous_34)","decl":{"start":{"line":2371,"column":9},"end":{"line":2371,"column":18}},"loc":{"start":{"line":2371,"column":38},"end":{"line":2373,"column":3}}},"35":{"name":"(anonymous_35)","decl":{"start":{"line":2379,"column":9},"end":{"line":2379,"column":21}},"loc":{"start":{"line":2380,"column":29},"end":{"line":2383,"column":3}}},"36":{"name":"(anonymous_36)","decl":{"start":{"line":2389,"column":9},"end":{"line":2389,"column":22}},"loc":{"start":{"line":2390,"column":30},"end":{"line":2393,"column":3}}},"37":{"name":"(anonymous_37)","decl":{"start":{"line":2399,"column":9},"end":{"line":2399,"column":21}},"loc":{"start":{"line":2400,"column":29},"end":{"line":2403,"column":3}}},"38":{"name":"(anonymous_38)","decl":{"start":{"line":2409,"column":9},"end":{"line":2409,"column":23}},"loc":{"start":{"line":2410,"column":31},"end":{"line":2413,"column":3}}},"39":{"name":"(anonymous_39)","decl":{"start":{"line":2419,"column":9},"end":{"line":2419,"column":18}},"loc":{"start":{"line":2419,"column":41},"end":{"line":2421,"column":3}}},"40":{"name":"(anonymous_40)","decl":{"start":{"line":2427,"column":9},"end":{"line":2427,"column":19}},"loc":{"start":{"line":2427,"column":41},"end":{"line":2429,"column":3}}}},"branchMap":{"0":{"loc":{"start":{"line":6,"column":12},"end":{"line":6,"column":null}},"type":"binary-expr","locations":[{"start":{"line":6,"column":12},"end":{"line":6,"column":26}},{"start":{"line":6,"column":26},"end":{"line":6,"column":null}}]},"1":{"loc":{"start":{"line":31,"column":12},"end":{"line":31,"column":null}},"type":"binary-expr","locations":[{"start":{"line":31,"column":12},"end":{"line":31,"column":22}},{"start":{"line":31,"column":22},"end":{"line":31,"column":null}}]},"2":{"loc":{"start":{"line":54,"column":12},"end":{"line":54,"column":null}},"type":"binary-expr","locations":[{"start":{"line":54,"column":12},"end":{"line":54,"column":27}},{"start":{"line":54,"column":27},"end":{"line":54,"column":null}}]},"3":{"loc":{"start":{"line":67,"column":12},"end":{"line":67,"column":null}},"type":"binary-expr","locations":[{"start":{"line":67,"column":12},"end":{"line":67,"column":29}},{"start":{"line":67,"column":29},"end":{"line":67,"column":null}}]},"4":{"loc":{"start":{"line":80,"column":12},"end":{"line":80,"column":null}},"type":"binary-expr","locations":[{"start":{"line":80,"column":12},"end":{"line":80,"column":23}},{"start":{"line":80,"column":23},"end":{"line":80,"column":null}}]},"5":{"loc":{"start":{"line":93,"column":12},"end":{"line":93,"column":null}},"type":"binary-expr","locations":[{"start":{"line":93,"column":12},"end":{"line":93,"column":32}},{"start":{"line":93,"column":32},"end":{"line":93,"column":null}}]},"6":{"loc":{"start":{"line":106,"column":12},"end":{"line":106,"column":null}},"type":"binary-expr","locations":[{"start":{"line":106,"column":12},"end":{"line":106,"column":28}},{"start":{"line":106,"column":28},"end":{"line":106,"column":null}}]},"7":{"loc":{"start":{"line":123,"column":12},"end":{"line":123,"column":null}},"type":"binary-expr","locations":[{"start":{"line":123,"column":12},"end":{"line":123,"column":28}},{"start":{"line":123,"column":28},"end":{"line":123,"column":null}}]},"8":{"loc":{"start":{"line":139,"column":12},"end":{"line":139,"column":null}},"type":"binary-expr","locations":[{"start":{"line":139,"column":12},"end":{"line":139,"column":21}},{"start":{"line":139,"column":21},"end":{"line":139,"column":null}}]},"9":{"loc":{"start":{"line":164,"column":12},"end":{"line":164,"column":null}},"type":"binary-expr","locations":[{"start":{"line":164,"column":12},"end":{"line":164,"column":21}},{"start":{"line":164,"column":21},"end":{"line":164,"column":null}}]},"10":{"loc":{"start":{"line":181,"column":12},"end":{"line":181,"column":null}},"type":"binary-expr","locations":[{"start":{"line":181,"column":12},"end":{"line":181,"column":33}},{"start":{"line":181,"column":33},"end":{"line":181,"column":null}}]},"11":{"loc":{"start":{"line":194,"column":12},"end":{"line":194,"column":null}},"type":"binary-expr","locations":[{"start":{"line":194,"column":12},"end":{"line":194,"column":35}},{"start":{"line":194,"column":35},"end":{"line":194,"column":null}}]},"12":{"loc":{"start":{"line":207,"column":12},"end":{"line":207,"column":null}},"type":"binary-expr","locations":[{"start":{"line":207,"column":12},"end":{"line":207,"column":24}},{"start":{"line":207,"column":24},"end":{"line":207,"column":null}}]},"13":{"loc":{"start":{"line":222,"column":12},"end":{"line":222,"column":null}},"type":"binary-expr","locations":[{"start":{"line":222,"column":12},"end":{"line":222,"column":21}},{"start":{"line":222,"column":21},"end":{"line":222,"column":null}}]}},"s":{"0":9,"1":9,"2":9,"3":9,"4":9,"5":9,"6":9,"7":9,"8":9,"9":9,"10":9,"11":9,"12":9,"13":9,"14":9,"15":9,"16":9,"17":9,"18":9,"19":9,"20":9,"21":9,"22":9,"23":9,"24":9,"25":9,"26":9,"27":9,"28":9,"29":9,"30":9,"31":9,"32":9,"33":9,"34":9,"35":9,"36":9,"37":9,"38":9,"39":9,"40":9,"41":9,"42":9,"43":9,"44":9,"45":9,"46":9,"47":9,"48":9,"49":9,"50":9,"51":9,"52":9,"53":9,"54":9,"55":9,"56":9,"57":9,"58":9,"59":9,"60":9,"61":9,"62":9,"63":9,"64":9,"65":9,"66":9,"67":9,"68":9,"69":9,"70":9,"71":9,"72":9,"73":9,"74":9,"75":9,"76":9,"77":9,"78":9,"79":2,"80":0,"81":3,"82":0,"83":0,"84":3,"85":0,"86":3,"87":0,"88":3,"89":0,"90":3,"91":0,"92":0,"93":3,"94":0,"95":0,"96":0,"97":0,"98":0,"99":0,"100":0,"101":0,"102":0,"103":0,"104":0,"105":0,"106":9},"f":{"0":9,"1":9,"2":9,"3":9,"4":9,"5":9,"6":9,"7":9,"8":9,"9":9,"10":9,"11":9,"12":9,"13":9,"14":2,"15":0,"16":3,"17":0,"18":0,"19":3,"20":0,"21":3,"22":0,"23":3,"24":0,"25":3,"26":0,"27":0,"28":3,"29":0,"30":0,"31":0,"32":0,"33":0,"34":0,"35":0,"36":0,"37":0,"38":0,"39":0,"40":0},"b":{"0":[9,9],"1":[9,9],"2":[9,9],"3":[9,9],"4":[9,9],"5":[9,9],"6":[9,9],"7":[9,9],"8":[9,9],"9":[9,9],"10":[9,9],"11":[9,9],"12":[9,9],"13":[9,9]}}
,"/workspaces/tinkoff/src/MarketDataService.ts": {"path":"/workspaces/tinkoff/src/MarketDataService.ts","statementMap":{"0":{"start":{"line":1,"column":0},"end":{"line":1,"column":67}},"1":{"start":{"line":7,"column":0},"end":{"line":7,"column":null}},"2":{"start":{"line":9,"column":2},"end":{"line":9,"column":null}},"3":{"start":{"line":11,"column":2},"end":{"line":11,"column":null}},"4":{"start":{"line":13,"column":2},"end":{"line":13,"column":null}},"5":{"start":{"line":20,"column":0},"end":{"line":20,"column":null}},"6":{"start":{"line":22,"column":2},"end":{"line":22,"column":null}},"7":{"start":{"line":24,"column":2},"end":{"line":24,"column":null}},"8":{"start":{"line":26,"column":2},"end":{"line":26,"column":null}},"9":{"start":{"line":28,"column":2},"end":{"line":28,"column":null}},"10":{"start":{"line":30,"column":2},"end":{"line":30,"column":null}},"11":{"start":{"line":32,"column":2},"end":{"line":32,"column":null}},"12":{"start":{"line":34,"column":2},"end":{"line":34,"column":null}},"13":{"start":{"line":36,"column":2},"end":{"line":36,"column":null}},"14":{"start":{"line":38,"column":2},"end":{"line":38,"column":null}},"15":{"start":{"line":40,"column":2},"end":{"line":40,"column":null}},"16":{"start":{"line":42,"column":2},"end":{"line":42,"column":null}},"17":{"start":{"line":44,"column":2},"end":{"line":44,"column":null}},"18":{"start":{"line":46,"column":2},"end":{"line":46,"column":null}},"19":{"start":{"line":48,"column":2},"end":{"line":48,"column":null}},"20":{"start":{"line":434,"column":4},"end":{"line":434,"column":null}},"21":{"start":{"line":444,"column":4},"end":{"line":444,"column":null}},"22":{"start":{"line":454,"column":4},"end":{"line":454,"column":null}},"23":{"start":{"line":464,"column":4},"end":{"line":464,"column":null}},"24":{"start":{"line":474,"column":4},"end":{"line":474,"column":null}},"25":{"start":{"line":484,"column":4},"end":{"line":484,"column":null}},"26":{"start":{"line":494,"column":4},"end":{"line":494,"column":null}},"27":{"start":{"line":428,"column":0},"end":{"line":428,"column":13}}},"fnMap":{"0":{"name":"(anonymous_0)","decl":{"start":{"line":7,"column":0},"end":{"line":7,"column":12}},"loc":{"start":{"line":7,"column":26},"end":{"line":14,"column":1}}},"1":{"name":"(anonymous_1)","decl":{"start":{"line":20,"column":0},"end":{"line":20,"column":12}},"loc":{"start":{"line":20,"column":26},"end":{"line":49,"column":1}}},"2":{"name":"(anonymous_2)","decl":{"start":{"line":433,"column":9},"end":{"line":433,"column":19}},"loc":{"start":{"line":433,"column":43},"end":{"line":435,"column":3}}},"3":{"name":"(anonymous_3)","decl":{"start":{"line":441,"column":9},"end":{"line":441,"column":22}},"loc":{"start":{"line":442,"column":30},"end":{"line":445,"column":3}}},"4":{"name":"(anonymous_4)","decl":{"start":{"line":451,"column":9},"end":{"line":451,"column":21}},"loc":{"start":{"line":452,"column":29},"end":{"line":455,"column":3}}},"5":{"name":"(anonymous_5)","decl":{"start":{"line":461,"column":9},"end":{"line":461,"column":25}},"loc":{"start":{"line":462,"column":33},"end":{"line":465,"column":3}}},"6":{"name":"(anonymous_6)","decl":{"start":{"line":471,"column":9},"end":{"line":471,"column":27}},"loc":{"start":{"line":472,"column":35},"end":{"line":475,"column":3}}},"7":{"name":"(anonymous_7)","decl":{"start":{"line":481,"column":9},"end":{"line":481,"column":22}},"loc":{"start":{"line":482,"column":30},"end":{"line":485,"column":3}}},"8":{"name":"(anonymous_8)","decl":{"start":{"line":491,"column":9},"end":{"line":491,"column":23}},"loc":{"start":{"line":492,"column":31},"end":{"line":495,"column":3}}}},"branchMap":{"0":{"loc":{"start":{"line":7,"column":12},"end":{"line":7,"column":null}},"type":"binary-expr","locations":[{"start":{"line":7,"column":12},"end":{"line":7,"column":26}},{"start":{"line":7,"column":26},"end":{"line":7,"column":null}}]},"1":{"loc":{"start":{"line":20,"column":12},"end":{"line":20,"column":null}},"type":"binary-expr","locations":[{"start":{"line":20,"column":12},"end":{"line":20,"column":26}},{"start":{"line":20,"column":26},"end":{"line":20,"column":null}}]}},"s":{"0":9,"1":9,"2":9,"3":9,"4":9,"5":9,"6":9,"7":9,"8":9,"9":9,"10":9,"11":9,"12":9,"13":9,"14":9,"15":9,"16":9,"17":9,"18":9,"19":9,"20":0,"21":0,"22":0,"23":0,"24":0,"25":0,"26":0,"27":9},"f":{"0":9,"1":9,"2":0,"3":0,"4":0,"5":0,"6":0,"7":0,"8":0},"b":{"0":[9,9],"1":[9,9]}}
,"/workspaces/tinkoff/src/OperationsService.ts": {"path":"/workspaces/tinkoff/src/OperationsService.ts","statementMap":{"0":{"start":{"line":1,"column":0},"end":{"line":1,"column":56}},"1":{"start":{"line":8,"column":0},"end":{"line":8,"column":null}},"2":{"start":{"line":10,"column":2},"end":{"line":10,"column":null}},"3":{"start":{"line":12,"column":2},"end":{"line":12,"column":null}},"4":{"start":{"line":14,"column":2},"end":{"line":14,"column":null}},"5":{"start":{"line":16,"column":2},"end":{"line":16,"column":null}},"6":{"start":{"line":23,"column":0},"end":{"line":23,"column":null}},"7":{"start":{"line":25,"column":2},"end":{"line":25,"column":null}},"8":{"start":{"line":27,"column":2},"end":{"line":27,"column":null}},"9":{"start":{"line":29,"column":2},"end":{"line":29,"column":null}},"10":{"start":{"line":31,"column":2},"end":{"line":31,"column":null}},"11":{"start":{"line":33,"column":2},"end":{"line":33,"column":null}},"12":{"start":{"line":35,"column":2},"end":{"line":35,"column":null}},"13":{"start":{"line":37,"column":2},"end":{"line":37,"column":null}},"14":{"start":{"line":39,"column":2},"end":{"line":39,"column":null}},"15":{"start":{"line":41,"column":2},"end":{"line":41,"column":null}},"16":{"start":{"line":43,"column":2},"end":{"line":43,"column":null}},"17":{"start":{"line":45,"column":2},"end":{"line":45,"column":null}},"18":{"start":{"line":47,"column":2},"end":{"line":47,"column":null}},"19":{"start":{"line":49,"column":2},"end":{"line":49,"column":null}},"20":{"start":{"line":51,"column":2},"end":{"line":51,"column":null}},"21":{"start":{"line":53,"column":2},"end":{"line":53,"column":null}},"22":{"start":{"line":55,"column":2},"end":{"line":55,"column":null}},"23":{"start":{"line":57,"column":2},"end":{"line":57,"column":null}},"24":{"start":{"line":59,"column":2},"end":{"line":59,"column":null}},"25":{"start":{"line":61,"column":2},"end":{"line":61,"column":null}},"26":{"start":{"line":63,"column":2},"end":{"line":63,"column":null}},"27":{"start":{"line":65,"column":2},"end":{"line":65,"column":null}},"28":{"start":{"line":67,"column":2},"end":{"line":67,"column":null}},"29":{"start":{"line":69,"column":2},"end":{"line":69,"column":null}},"30":{"start":{"line":71,"column":2},"end":{"line":71,"column":null}},"31":{"start":{"line":73,"column":2},"end":{"line":73,"column":null}},"32":{"start":{"line":75,"column":2},"end":{"line":75,"column":null}},"33":{"start":{"line":77,"column":2},"end":{"line":77,"column":null}},"34":{"start":{"line":79,"column":2},"end":{"line":79,"column":null}},"35":{"start":{"line":81,"column":2},"end":{"line":81,"column":null}},"36":{"start":{"line":83,"column":2},"end":{"line":83,"column":null}},"37":{"start":{"line":85,"column":2},"end":{"line":85,"column":null}},"38":{"start":{"line":87,"column":2},"end":{"line":87,"column":null}},"39":{"start":{"line":89,"column":2},"end":{"line":89,"column":null}},"40":{"start":{"line":91,"column":2},"end":{"line":91,"column":null}},"41":{"start":{"line":93,"column":2},"end":{"line":93,"column":null}},"42":{"start":{"line":95,"column":2},"end":{"line":95,"column":null}},"43":{"start":{"line":97,"column":2},"end":{"line":97,"column":null}},"44":{"start":{"line":99,"column":2},"end":{"line":99,"column":null}},"45":{"start":{"line":101,"column":2},"end":{"line":101,"column":null}},"46":{"start":{"line":103,"column":2},"end":{"line":103,"column":null}},"47":{"start":{"line":105,"column":2},"end":{"line":105,"column":null}},"48":{"start":{"line":107,"column":2},"end":{"line":107,"column":null}},"49":{"start":{"line":109,"column":2},"end":{"line":109,"column":null}},"50":{"start":{"line":111,"column":2},"end":{"line":111,"column":null}},"51":{"start":{"line":113,"column":2},"end":{"line":113,"column":null}},"52":{"start":{"line":115,"column":2},"end":{"line":115,"column":null}},"53":{"start":{"line":117,"column":2},"end":{"line":117,"column":null}},"54":{"start":{"line":119,"column":2},"end":{"line":119,"column":null}},"55":{"start":{"line":121,"column":2},"end":{"line":121,"column":null}},"56":{"start":{"line":123,"column":2},"end":{"line":123,"column":null}},"57":{"start":{"line":125,"column":2},"end":{"line":125,"column":null}},"58":{"start":{"line":127,"column":2},"end":{"line":127,"column":null}},"59":{"start":{"line":129,"column":2},"end":{"line":129,"column":null}},"60":{"start":{"line":131,"column":2},"end":{"line":131,"column":null}},"61":{"start":{"line":133,"column":2},"end":{"line":133,"column":null}},"62":{"start":{"line":135,"column":2},"end":{"line":135,"column":null}},"63":{"start":{"line":137,"column":2},"end":{"line":137,"column":null}},"64":{"start":{"line":139,"column":2},"end":{"line":139,"column":null}},"65":{"start":{"line":141,"column":2},"end":{"line":141,"column":null}},"66":{"start":{"line":143,"column":2},"end":{"line":143,"column":null}},"67":{"start":{"line":145,"column":2},"end":{"line":145,"column":null}},"68":{"start":{"line":147,"column":2},"end":{"line":147,"column":null}},"69":{"start":{"line":154,"column":0},"end":{"line":154,"column":null}},"70":{"start":{"line":156,"column":2},"end":{"line":156,"column":null}},"71":{"start":{"line":158,"column":2},"end":{"line":158,"column":null}},"72":{"start":{"line":160,"column":2},"end":{"line":160,"column":null}},"73":{"start":{"line":1042,"column":4},"end":{"line":1042,"column":null}},"74":{"start":{"line":1050,"column":4},"end":{"line":1050,"column":null}},"75":{"start":{"line":1058,"column":4},"end":{"line":1058,"column":null}},"76":{"start":{"line":1068,"column":4},"end":{"line":1068,"column":null}},"77":{"start":{"line":1078,"column":4},"end":{"line":1078,"column":null}},"78":{"start":{"line":1088,"column":4},"end":{"line":1092,"column":null}},"79":{"start":{"line":1103,"column":4},"end":{"line":1107,"column":null}},"80":{"start":{"line":1035,"column":0},"end":{"line":1035,"column":13}}},"fnMap":{"0":{"name":"(anonymous_0)","decl":{"start":{"line":8,"column":0},"end":{"line":8,"column":12}},"loc":{"start":{"line":8,"column":26},"end":{"line":17,"column":1}}},"1":{"name":"(anonymous_1)","decl":{"start":{"line":23,"column":0},"end":{"line":23,"column":12}},"loc":{"start":{"line":23,"column":25},"end":{"line":148,"column":1}}},"2":{"name":"(anonymous_2)","decl":{"start":{"line":154,"column":0},"end":{"line":154,"column":12}},"loc":{"start":{"line":154,"column":43},"end":{"line":161,"column":1}}},"3":{"name":"(anonymous_3)","decl":{"start":{"line":1041,"column":9},"end":{"line":1041,"column":22}},"loc":{"start":{"line":1041,"column":46},"end":{"line":1043,"column":3}}},"4":{"name":"(anonymous_4)","decl":{"start":{"line":1049,"column":9},"end":{"line":1049,"column":21}},"loc":{"start":{"line":1049,"column":44},"end":{"line":1051,"column":3}}},"5":{"name":"(anonymous_5)","decl":{"start":{"line":1057,"column":9},"end":{"line":1057,"column":21}},"loc":{"start":{"line":1057,"column":44},"end":{"line":1059,"column":3}}},"6":{"name":"(anonymous_6)","decl":{"start":{"line":1065,"column":9},"end":{"line":1065,"column":26}},"loc":{"start":{"line":1066,"column":31},"end":{"line":1069,"column":3}}},"7":{"name":"(anonymous_7)","decl":{"start":{"line":1075,"column":9},"end":{"line":1075,"column":24}},"loc":{"start":{"line":1076,"column":29},"end":{"line":1079,"column":3}}},"8":{"name":"(anonymous_8)","decl":{"start":{"line":1085,"column":9},"end":{"line":1085,"column":34}},"loc":{"start":{"line":1086,"column":42},"end":{"line":1093,"column":3}}},"9":{"name":"(anonymous_9)","decl":{"start":{"line":1100,"column":9},"end":{"line":1100,"column":30}},"loc":{"start":{"line":1101,"column":38},"end":{"line":1108,"column":3}}}},"branchMap":{"0":{"loc":{"start":{"line":8,"column":12},"end":{"line":8,"column":null}},"type":"binary-expr","locations":[{"start":{"line":8,"column":12},"end":{"line":8,"column":26}},{"start":{"line":8,"column":26},"end":{"line":8,"column":null}}]},"1":{"loc":{"start":{"line":23,"column":12},"end":{"line":23,"column":null}},"type":"binary-expr","locations":[{"start":{"line":23,"column":12},"end":{"line":23,"column":25}},{"start":{"line":23,"column":25},"end":{"line":23,"column":null}}]},"2":{"loc":{"start":{"line":154,"column":12},"end":{"line":154,"column":null}},"type":"binary-expr","locations":[{"start":{"line":154,"column":12},"end":{"line":154,"column":43}},{"start":{"line":154,"column":43},"end":{"line":154,"column":null}}]}},"s":{"0":9,"1":9,"2":9,"3":9,"4":9,"5":9,"6":9,"7":9,"8":9,"9":9,"10":9,"11":9,"12":9,"13":9,"14":9,"15":9,"16":9,"17":9,"18":9,"19":9,"20":9,"21":9,"22":9,"23":9,"24":9,"25":9,"26":9,"27":9,"28":9,"29":9,"30":9,"31":9,"32":9,"33":9,"34":9,"35":9,"36":9,"37":9,"38":9,"39":9,"40":9,"41":9,"42":9,"43":9,"44":9,"45":9,"46":9,"47":9,"48":9,"49":9,"50":9,"51":9,"52":9,"53":9,"54":9,"55":9,"56":9,"57":9,"58":9,"59":9,"60":9,"61":9,"62":9,"63":9,"64":9,"65":9,"66":9,"67":9,"68":9,"69":9,"70":9,"71":9,"72":9,"73":0,"74":0,"75":0,"76":0,"77":0,"78":0,"79":0,"80":9},"f":{"0":9,"1":9,"2":9,"3":0,"4":0,"5":0,"6":0,"7":0,"8":0,"9":0},"b":{"0":[9,9],"1":[9,9],"2":[9,9]}}
,"/workspaces/tinkoff/src/OrdersService.ts": {"path":"/workspaces/tinkoff/src/OrdersService.ts","statementMap":{"0":{"start":{"line":1,"column":0},"end":{"line":1,"column":56}},"1":{"start":{"line":7,"column":0},"end":{"line":7,"column":null}},"2":{"start":{"line":9,"column":2},"end":{"line":9,"column":null}},"3":{"start":{"line":11,"column":2},"end":{"line":11,"column":null}},"4":{"start":{"line":13,"column":2},"end":{"line":13,"column":null}},"5":{"start":{"line":20,"column":0},"end":{"line":20,"column":null}},"6":{"start":{"line":22,"column":2},"end":{"line":22,"column":null}},"7":{"start":{"line":24,"column":2},"end":{"line":24,"column":null}},"8":{"start":{"line":26,"column":2},"end":{"line":26,"column":null}},"9":{"start":{"line":28,"column":2},"end":{"line":28,"column":null}},"10":{"start":{"line":35,"column":0},"end":{"line":35,"column":null}},"11":{"start":{"line":37,"column":2},"end":{"line":37,"column":null}},"12":{"start":{"line":39,"column":2},"end":{"line":39,"column":null}},"13":{"start":{"line":41,"column":2},"end":{"line":41,"column":null}},"14":{"start":{"line":43,"column":2},"end":{"line":43,"column":null}},"15":{"start":{"line":45,"column":2},"end":{"line":45,"column":null}},"16":{"start":{"line":47,"column":2},"end":{"line":47,"column":null}},"17":{"start":{"line":54,"column":0},"end":{"line":54,"column":null}},"18":{"start":{"line":56,"column":2},"end":{"line":56,"column":null}},"19":{"start":{"line":58,"column":2},"end":{"line":58,"column":null}},"20":{"start":{"line":60,"column":2},"end":{"line":60,"column":null}},"21":{"start":{"line":341,"column":4},"end":{"line":341,"column":null}},"22":{"start":{"line":349,"column":4},"end":{"line":349,"column":null}},"23":{"start":{"line":357,"column":4},"end":{"line":357,"column":null}},"24":{"start":{"line":365,"column":4},"end":{"line":365,"column":null}},"25":{"start":{"line":373,"column":4},"end":{"line":373,"column":null}},"26":{"start":{"line":335,"column":0},"end":{"line":335,"column":13}}},"fnMap":{"0":{"name":"(anonymous_0)","decl":{"start":{"line":7,"column":0},"end":{"line":7,"column":12}},"loc":{"start":{"line":7,"column":26},"end":{"line":14,"column":1}}},"1":{"name":"(anonymous_1)","decl":{"start":{"line":20,"column":0},"end":{"line":20,"column":12}},"loc":{"start":{"line":20,"column":21},"end":{"line":29,"column":1}}},"2":{"name":"(anonymous_2)","decl":{"start":{"line":35,"column":0},"end":{"line":35,"column":12}},"loc":{"start":{"line":35,"column":38},"end":{"line":48,"column":1}}},"3":{"name":"(anonymous_3)","decl":{"start":{"line":54,"column":0},"end":{"line":54,"column":12}},"loc":{"start":{"line":54,"column":21},"end":{"line":61,"column":1}}},"4":{"name":"(anonymous_4)","decl":{"start":{"line":340,"column":9},"end":{"line":340,"column":18}},"loc":{"start":{"line":340,"column":41},"end":{"line":342,"column":3}}},"5":{"name":"(anonymous_5)","decl":{"start":{"line":348,"column":9},"end":{"line":348,"column":20}},"loc":{"start":{"line":348,"column":45},"end":{"line":350,"column":3}}},"6":{"name":"(anonymous_6)","decl":{"start":{"line":356,"column":9},"end":{"line":356,"column":22}},"loc":{"start":{"line":356,"column":49},"end":{"line":358,"column":3}}},"7":{"name":"(anonymous_7)","decl":{"start":{"line":364,"column":9},"end":{"line":364,"column":18}},"loc":{"start":{"line":364,"column":41},"end":{"line":366,"column":3}}},"8":{"name":"(anonymous_8)","decl":{"start":{"line":372,"column":9},"end":{"line":372,"column":21}},"loc":{"start":{"line":372,"column":47},"end":{"line":374,"column":3}}}},"branchMap":{"0":{"loc":{"start":{"line":7,"column":12},"end":{"line":7,"column":null}},"type":"binary-expr","locations":[{"start":{"line":7,"column":12},"end":{"line":7,"column":26}},{"start":{"line":7,"column":26},"end":{"line":7,"column":null}}]},"1":{"loc":{"start":{"line":20,"column":12},"end":{"line":20,"column":null}},"type":"binary-expr","locations":[{"start":{"line":20,"column":12},"end":{"line":20,"column":21}},{"start":{"line":20,"column":21},"end":{"line":20,"column":null}}]},"2":{"loc":{"start":{"line":35,"column":12},"end":{"line":35,"column":null}},"type":"binary-expr","locations":[{"start":{"line":35,"column":12},"end":{"line":35,"column":38}},{"start":{"line":35,"column":38},"end":{"line":35,"column":null}}]},"3":{"loc":{"start":{"line":54,"column":12},"end":{"line":54,"column":null}},"type":"binary-expr","locations":[{"start":{"line":54,"column":12},"end":{"line":54,"column":21}},{"start":{"line":54,"column":21},"end":{"line":54,"column":null}}]}},"s":{"0":9,"1":9,"2":9,"3":9,"4":9,"5":9,"6":9,"7":9,"8":9,"9":9,"10":9,"11":9,"12":9,"13":9,"14":9,"15":9,"16":9,"17":9,"18":9,"19":9,"20":9,"21":0,"22":0,"23":0,"24":0,"25":0,"26":9},"f":{"0":9,"1":9,"2":9,"3":9,"4":0,"5":0,"6":0,"7":0,"8":0},"b":{"0":[9,9],"1":[9,9],"2":[9,9],"3":[9,9]}}
,"/workspaces/tinkoff/src/SandboxService.ts": {"path":"/workspaces/tinkoff/src/SandboxService.ts","statementMap":{"0":{"start":{"line":1,"column":0},"end":{"line":1,"column":33}},"1":{"start":{"line":55,"column":4},"end":{"line":55,"column":null}},"2":{"start":{"line":73,"column":4},"end":{"line":73,"column":null}},"3":{"start":{"line":83,"column":4},"end":{"line":83,"column":null}},"4":{"start":{"line":91,"column":4},"end":{"line":91,"column":null}},"5":{"start":{"line":101,"column":4},"end":{"line":101,"column":null}},"6":{"start":{"line":109,"column":4},"end":{"line":109,"column":null}},"7":{"start":{"line":119,"column":4},"end":{"line":119,"column":null}},"8":{"start":{"line":128,"column":4},"end":{"line":128,"column":null}},"9":{"start":{"line":138,"column":4},"end":{"line":138,"column":null}},"10":{"start":{"line":148,"column":4},"end":{"line":148,"column":null}},"11":{"start":{"line":158,"column":4},"end":{"line":158,"column":null}},"12":{"start":{"line":168,"column":4},"end":{"line":168,"column":null}},"13":{"start":{"line":178,"column":4},"end":{"line":178,"column":null}},"14":{"start":{"line":188,"column":4},"end":{"line":188,"column":null}},"15":{"start":{"line":47,"column":0},"end":{"line":47,"column":13}}},"fnMap":{"0":{"name":"(anonymous_0)","decl":{"start":{"line":52,"column":9},"end":{"line":52,"column":27}},"loc":{"start":{"line":53,"column":35},"end":{"line":56,"column":3}}},"1":{"name":"(anonymous_1)","decl":{"start":{"line":70,"column":9},"end":{"line":70,"column":27}},"loc":{"start":{"line":71,"column":28},"end":{"line":74,"column":3}}},"2":{"name":"(anonymous_2)","decl":{"start":{"line":80,"column":9},"end":{"line":80,"column":28}},"loc":{"start":{"line":81,"column":36},"end":{"line":84,"column":3}}},"3":{"name":"(anonymous_3)","decl":{"start":{"line":90,"column":9},"end":{"line":90,"column":25}},"loc":{"start":{"line":90,"column":48},"end":{"line":92,"column":3}}},"4":{"name":"(anonymous_4)","decl":{"start":{"line":98,"column":9},"end":{"line":98,"column":28}},"loc":{"start":{"line":99,"column":29},"end":{"line":102,"column":3}}},"5":{"name":"(anonymous_5)","decl":{"start":{"line":108,"column":9},"end":{"line":108,"column":25}},"loc":{"start":{"line":108,"column":48},"end":{"line":110,"column":3}}},"6":{"name":"(anonymous_6)","decl":{"start":{"line":116,"column":9},"end":{"line":116,"column":27}},"loc":{"start":{"line":117,"column":28},"end":{"line":120,"column":3}}},"7":{"name":"(anonymous_7)","decl":{"start":{"line":127,"column":9},"end":{"line":127,"column":29}},"loc":{"start":{"line":127,"column":56},"end":{"line":129,"column":3}}},"8":{"name":"(anonymous_8)","decl":{"start":{"line":135,"column":9},"end":{"line":135,"column":28}},"loc":{"start":{"line":136,"column":26},"end":{"line":139,"column":3}}},"9":{"name":"(anonymous_9)","decl":{"start":{"line":145,"column":9},"end":{"line":145,"column":29}},"loc":{"start":{"line":146,"column":27},"end":{"line":149,"column":3}}},"10":{"name":"(anonymous_10)","decl":{"start":{"line":155,"column":9},"end":{"line":155,"column":37}},"loc":{"start":{"line":156,"column":38},"end":{"line":159,"column":3}}},"11":{"name":"(anonymous_11)","decl":{"start":{"line":165,"column":9},"end":{"line":165,"column":28}},"loc":{"start":{"line":166,"column":26},"end":{"line":169,"column":3}}},"12":{"name":"(anonymous_12)","decl":{"start":{"line":175,"column":9},"end":{"line":175,"column":21}},"loc":{"start":{"line":176,"column":29},"end":{"line":179,"column":3}}},"13":{"name":"(anonymous_13)","decl":{"start":{"line":185,"column":9},"end":{"line":185,"column":33}},"loc":{"start":{"line":186,"column":31},"end":{"line":189,"column":3}}}},"branchMap":{},"s":{"0":9,"1":0,"2":1,"3":0,"4":0,"5":0,"6":0,"7":0,"8":0,"9":0,"10":0,"11":0,"12":0,"13":0,"14":0,"15":9},"f":{"0":0,"1":1,"2":0,"3":0,"4":0,"5":0,"6":0,"7":0,"8":0,"9":0,"10":0,"11":0,"12":0,"13":0},"b":{}}
,"/workspaces/tinkoff/src/StopOrdersService.ts": {"path":"/workspaces/tinkoff/src/StopOrdersService.ts","statementMap":{"0":{"start":{"line":1,"column":0},"end":{"line":1,"column":56}},"1":{"start":{"line":7,"column":0},"end":{"line":7,"column":null}},"2":{"start":{"line":9,"column":2},"end":{"line":9,"column":null}},"3":{"start":{"line":11,"column":2},"end":{"line":11,"column":null}},"4":{"start":{"line":13,"column":2},"end":{"line":13,"column":null}},"5":{"start":{"line":20,"column":0},"end":{"line":20,"column":null}},"6":{"start":{"line":22,"column":2},"end":{"line":22,"column":null}},"7":{"start":{"line":24,"column":2},"end":{"line":24,"column":null}},"8":{"start":{"line":26,"column":2},"end":{"line":26,"column":null}},"9":{"start":{"line":33,"column":0},"end":{"line":33,"column":null}},"10":{"start":{"line":35,"column":2},"end":{"line":35,"column":null}},"11":{"start":{"line":37,"column":2},"end":{"line":37,"column":null}},"12":{"start":{"line":39,"column":2},"end":{"line":39,"column":null}},"13":{"start":{"line":41,"column":2},"end":{"line":41,"column":null}},"14":{"start":{"line":202,"column":4},"end":{"line":202,"column":null}},"15":{"start":{"line":212,"column":4},"end":{"line":212,"column":null}},"16":{"start":{"line":222,"column":4},"end":{"line":222,"column":null}},"17":{"start":{"line":194,"column":0},"end":{"line":194,"column":13}}},"fnMap":{"0":{"name":"(anonymous_0)","decl":{"start":{"line":7,"column":0},"end":{"line":7,"column":12}},"loc":{"start":{"line":7,"column":30},"end":{"line":14,"column":1}}},"1":{"name":"(anonymous_1)","decl":{"start":{"line":20,"column":0},"end":{"line":20,"column":12}},"loc":{"start":{"line":20,"column":35},"end":{"line":27,"column":1}}},"2":{"name":"(anonymous_2)","decl":{"start":{"line":33,"column":0},"end":{"line":33,"column":12}},"loc":{"start":{"line":33,"column":25},"end":{"line":42,"column":1}}},"3":{"name":"(anonymous_3)","decl":{"start":{"line":199,"column":9},"end":{"line":199,"column":22}},"loc":{"start":{"line":200,"column":30},"end":{"line":203,"column":3}}},"4":{"name":"(anonymous_4)","decl":{"start":{"line":209,"column":9},"end":{"line":209,"column":22}},"loc":{"start":{"line":210,"column":30},"end":{"line":213,"column":3}}},"5":{"name":"(anonymous_5)","decl":{"start":{"line":219,"column":9},"end":{"line":219,"column":24}},"loc":{"start":{"line":220,"column":32},"end":{"line":223,"column":3}}}},"branchMap":{"0":{"loc":{"start":{"line":7,"column":12},"end":{"line":7,"column":null}},"type":"binary-expr","locations":[{"start":{"line":7,"column":12},"end":{"line":7,"column":30}},{"start":{"line":7,"column":30},"end":{"line":7,"column":null}}]},"1":{"loc":{"start":{"line":20,"column":12},"end":{"line":20,"column":null}},"type":"binary-expr","locations":[{"start":{"line":20,"column":12},"end":{"line":20,"column":35}},{"start":{"line":20,"column":35},"end":{"line":20,"column":null}}]},"2":{"loc":{"start":{"line":33,"column":12},"end":{"line":33,"column":null}},"type":"binary-expr","locations":[{"start":{"line":33,"column":12},"end":{"line":33,"column":25}},{"start":{"line":33,"column":25},"end":{"line":33,"column":null}}]}},"s":{"0":9,"1":9,"2":9,"3":9,"4":9,"5":9,"6":9,"7":9,"8":9,"9":9,"10":9,"11":9,"12":9,"13":9,"14":0,"15":0,"16":0,"17":9},"f":{"0":9,"1":9,"2":9,"3":0,"4":0,"5":0},"b":{"0":[9,9],"1":[9,9],"2":[9,9]}}
,"/workspaces/tinkoff/src/UsersService.ts": {"path":"/workspaces/tinkoff/src/UsersService.ts","statementMap":{"0":{"start":{"line":1,"column":0},"end":{"line":1,"column":56}},"1":{"start":{"line":7,"column":0},"end":{"line":7,"column":null}},"2":{"start":{"line":9,"column":2},"end":{"line":9,"column":null}},"3":{"start":{"line":11,"column":2},"end":{"line":11,"column":null}},"4":{"start":{"line":13,"column":2},"end":{"line":13,"column":null}},"5":{"start":{"line":15,"column":2},"end":{"line":15,"column":null}},"6":{"start":{"line":22,"column":0},"end":{"line":22,"column":null}},"7":{"start":{"line":24,"column":2},"end":{"line":24,"column":null}},"8":{"start":{"line":26,"column":2},"end":{"line":26,"column":null}},"9":{"start":{"line":28,"column":2},"end":{"line":28,"column":null}},"10":{"start":{"line":30,"column":2},"end":{"line":30,"column":null}},"11":{"start":{"line":37,"column":0},"end":{"line":37,"column":null}},"12":{"start":{"line":39,"column":2},"end":{"line":39,"column":null}},"13":{"start":{"line":41,"column":2},"end":{"line":41,"column":null}},"14":{"start":{"line":43,"column":2},"end":{"line":43,"column":null}},"15":{"start":{"line":45,"column":2},"end":{"line":45,"column":null}},"16":{"start":{"line":219,"column":4},"end":{"line":219,"column":null}},"17":{"start":{"line":237,"column":4},"end":{"line":237,"column":null}},"18":{"start":{"line":255,"column":4},"end":{"line":255,"column":null}},"19":{"start":{"line":271,"column":4},"end":{"line":271,"column":null}},"20":{"start":{"line":205,"column":0},"end":{"line":205,"column":13}}},"fnMap":{"0":{"name":"(anonymous_0)","decl":{"start":{"line":7,"column":0},"end":{"line":7,"column":12}},"loc":{"start":{"line":7,"column":23},"end":{"line":16,"column":1}}},"1":{"name":"(anonymous_1)","decl":{"start":{"line":22,"column":0},"end":{"line":22,"column":12}},"loc":{"start":{"line":22,"column":25},"end":{"line":31,"column":1}}},"2":{"name":"(anonymous_2)","decl":{"start":{"line":37,"column":0},"end":{"line":37,"column":12}},"loc":{"start":{"line":37,"column":23},"end":{"line":46,"column":1}}},"3":{"name":"(anonymous_3)","decl":{"start":{"line":218,"column":9},"end":{"line":218,"column":20}},"loc":{"start":{"line":218,"column":45},"end":{"line":220,"column":3}}},"4":{"name":"(anonymous_4)","decl":{"start":{"line":234,"column":9},"end":{"line":234,"column":28}},"loc":{"start":{"line":235,"column":36},"end":{"line":238,"column":3}}},"5":{"name":"(anonymous_5)","decl":{"start":{"line":252,"column":9},"end":{"line":252,"column":22}},"loc":{"start":{"line":253,"column":30},"end":{"line":256,"column":3}}},"6":{"name":"(anonymous_6)","decl":{"start":{"line":270,"column":9},"end":{"line":270,"column":16}},"loc":{"start":{"line":270,"column":37},"end":{"line":272,"column":3}}}},"branchMap":{"0":{"loc":{"start":{"line":7,"column":12},"end":{"line":7,"column":null}},"type":"binary-expr","locations":[{"start":{"line":7,"column":12},"end":{"line":7,"column":23}},{"start":{"line":7,"column":23},"end":{"line":7,"column":null}}]},"1":{"loc":{"start":{"line":22,"column":12},"end":{"line":22,"column":null}},"type":"binary-expr","locations":[{"start":{"line":22,"column":12},"end":{"line":22,"column":25}},{"start":{"line":22,"column":25},"end":{"line":22,"column":null}}]},"2":{"loc":{"start":{"line":37,"column":12},"end":{"line":37,"column":null}},"type":"binary-expr","locations":[{"start":{"line":37,"column":12},"end":{"line":37,"column":23}},{"start":{"line":37,"column":23},"end":{"line":37,"column":null}}]}},"s":{"0":9,"1":9,"2":9,"3":9,"4":9,"5":9,"6":9,"7":9,"8":9,"9":9,"10":9,"11":9,"12":9,"13":9,"14":9,"15":9,"16":1,"17":1,"18":1,"19":1,"20":9},"f":{"0":9,"1":9,"2":9,"3":1,"4":1,"5":1,"6":1},"b":{"0":[9,9],"1":[9,9],"2":[9,9]}}
,"/workspaces/tinkoff/src/index.ts": {"path":"/workspaces/tinkoff/src/index.ts","statementMap":{"0":{"start":{"line":1,"column":0},"end":{"line":1,"column":24}},"1":{"start":{"line":2,"column":0},"end":{"line":2,"column":36}},"2":{"start":{"line":3,"column":0},"end":{"line":3,"column":35}},"3":{"start":{"line":4,"column":0},"end":{"line":4,"column":35}},"4":{"start":{"line":5,"column":0},"end":{"line":5,"column":31}},"5":{"start":{"line":6,"column":0},"end":{"line":6,"column":32}},"6":{"start":{"line":7,"column":0},"end":{"line":7,"column":35}},"7":{"start":{"line":8,"column":0},"end":{"line":8,"column":30}}},"fnMap":{},"branchMap":{},"s":{"0":9,"1":9,"2":9,"3":9,"4":9,"5":9,"6":9,"7":9},"f":{},"b":{}}
}
