TN:
SF:src/Common.ts
FN:1,(anonymous_7)
FN:53,(anonymous_8)
FN:61,(anonymous_9)
FNF:3
FNH:3
FNDA:25,(anonymous_7)
FNDA:25,(anonymous_8)
FNDA:77,(anonymous_9)
DA:1,25
DA:2,25
DA:3,25
DA:4,25
DA:5,25
DA:6,25
DA:7,25
DA:8,25
DA:9,25
DA:10,25
DA:11,25
DA:12,25
DA:13,25
DA:14,25
DA:15,25
DA:16,25
DA:17,25
DA:18,25
DA:37,25
DA:41,25
DA:46,25
DA:53,25
DA:66,77
DA:67,77
DA:69,77
DA:70,77
DA:80,77
DA:81,77
LF:28
LH:28
BRDA:1,0,0,25
BRDA:1,0,1,25
BRDA:66,1,0,77
BRDA:66,1,1,0
BRF:4
BRH:3
end_of_record
TN:
SF:src/InstrumentsService.ts
FN:6,(anonymous_0)
FN:31,(anonymous_1)
FN:54,(anonymous_2)
FN:67,(anonymous_3)
FN:80,(anonymous_4)
FN:93,(anonymous_5)
FN:106,(anonymous_6)
FN:123,(anonymous_7)
FN:139,(anonymous_8)
FN:164,(anonymous_9)
FN:181,(anonymous_10)
FN:194,(anonymous_11)
FN:207,(anonymous_12)
FN:222,(anonymous_13)
FN:2139,(anonymous_14)
FN:2161,(anonymous_15)
FN:2179,(anonymous_16)
FN:2187,(anonymous_17)
FN:2209,(anonymous_18)
FN:2227,(anonymous_19)
FN:2247,(anonymous_20)
FN:2265,(anonymous_21)
FN:2285,(anonymous_22)
FN:2303,(anonymous_23)
FN:2311,(anonymous_24)
FN:2330,(anonymous_25)
FN:2338,(anonymous_26)
FN:2358,(anonymous_27)
FN:2376,(anonymous_28)
FN:2396,(anonymous_29)
FN:2416,(anonymous_30)
FN:2438,(anonymous_31)
FN:2458,(anonymous_32)
FN:2478,(anonymous_33)
FN:2497,(anonymous_34)
FN:2513,(anonymous_35)
FN:2534,(anonymous_36)
FN:2552,(anonymous_37)
FN:2574,(anonymous_38)
FN:2592,(anonymous_39)
FN:2610,(anonymous_40)
FNF:41
FNH:37
FNDA:25,(anonymous_0)
FNDA:25,(anonymous_1)
FNDA:25,(anonymous_2)
FNDA:25,(anonymous_3)
FNDA:25,(anonymous_4)
FNDA:25,(anonymous_5)
FNDA:25,(anonymous_6)
FNDA:25,(anonymous_7)
FNDA:25,(anonymous_8)
FNDA:25,(anonymous_9)
FNDA:25,(anonymous_10)
FNDA:25,(anonymous_11)
FNDA:25,(anonymous_12)
FNDA:25,(anonymous_13)
FNDA:2,(anonymous_14)
FNDA:4,(anonymous_15)
FNDA:3,(anonymous_16)
FNDA:0,(anonymous_17)
FNDA:4,(anonymous_18)
FNDA:3,(anonymous_19)
FNDA:4,(anonymous_20)
FNDA:3,(anonymous_21)
FNDA:4,(anonymous_22)
FNDA:3,(anonymous_23)
FNDA:0,(anonymous_24)
FNDA:3,(anonymous_25)
FNDA:0,(anonymous_26)
FNDA:4,(anonymous_27)
FNDA:3,(anonymous_28)
FNDA:1,(anonymous_29)
FNDA:1,(anonymous_30)
FNDA:4,(anonymous_31)
FNDA:1,(anonymous_32)
FNDA:1,(anonymous_33)
FNDA:9,(anonymous_34)
FNDA:1,(anonymous_35)
FNDA:3,(anonymous_36)
FNDA:1,(anonymous_37)
FNDA:9,(anonymous_38)
FNDA:0,(anonymous_39)
FNDA:1,(anonymous_40)
DA:1,25
DA:6,25
DA:8,25
DA:10,25
DA:12,25
DA:14,25
DA:16,25
DA:18,25
DA:20,25
DA:22,25
DA:24,25
DA:31,25
DA:33,25
DA:35,25
DA:37,25
DA:39,25
DA:41,25
DA:43,25
DA:45,25
DA:47,25
DA:54,25
DA:56,25
DA:58,25
DA:60,25
DA:67,25
DA:69,25
DA:71,25
DA:73,25
DA:80,25
DA:82,25
DA:84,25
DA:86,25
DA:93,25
DA:95,25
DA:97,25
DA:99,25
DA:106,25
DA:108,25
DA:110,25
DA:112,25
DA:114,25
DA:116,25
DA:123,25
DA:125,25
DA:130,25
DA:132,25
DA:139,25
DA:141,25
DA:143,25
DA:145,25
DA:147,25
DA:149,25
DA:151,25
DA:153,25
DA:155,25
DA:157,25
DA:164,25
DA:166,25
DA:168,25
DA:170,25
DA:172,25
DA:174,25
DA:181,25
DA:183,25
DA:185,25
DA:187,25
DA:194,25
DA:196,25
DA:198,25
DA:200,25
DA:207,25
DA:209,25
DA:211,25
DA:213,25
DA:215,25
DA:222,25
DA:224,25
DA:226,25
DA:228,25
DA:2122,25
DA:2142,2
DA:2162,4
DA:2180,3
DA:2190,0
DA:2210,4
DA:2228,3
DA:2248,4
DA:2266,3
DA:2286,4
DA:2304,3
DA:2312,0
DA:2331,3
DA:2339,0
DA:2359,4
DA:2377,3
DA:2399,1
DA:2419,1
DA:2439,4
DA:2461,1
DA:2479,1
DA:2498,9
DA:2516,1
DA:2537,3
DA:2555,1
DA:2577,9
DA:2593,0
DA:2611,1
LF:107
LH:103
BRDA:6,0,0,25
BRDA:6,0,1,25
BRDA:31,1,0,25
BRDA:31,1,1,25
BRDA:54,2,0,25
BRDA:54,2,1,25
BRDA:67,3,0,25
BRDA:67,3,1,25
BRDA:80,4,0,25
BRDA:80,4,1,25
BRDA:93,5,0,25
BRDA:93,5,1,25
BRDA:106,6,0,25
BRDA:106,6,1,25
BRDA:123,7,0,25
BRDA:123,7,1,25
BRDA:139,8,0,25
BRDA:139,8,1,25
BRDA:164,9,0,25
BRDA:164,9,1,25
BRDA:181,10,0,25
BRDA:181,10,1,25
BRDA:194,11,0,25
BRDA:194,11,1,25
BRDA:207,12,0,25
BRDA:207,12,1,25
BRDA:222,13,0,25
BRDA:222,13,1,25
BRF:28
BRH:28
end_of_record
TN:
SF:src/MarketDataService.ts
FN:7,(anonymous_0)
FN:20,(anonymous_1)
FN:433,(anonymous_2)
FN:441,(anonymous_3)
FN:451,(anonymous_4)
FN:461,(anonymous_5)
FN:471,(anonymous_6)
FN:481,(anonymous_7)
FN:491,(anonymous_8)
FNF:9
FNH:2
FNDA:25,(anonymous_0)
FNDA:25,(anonymous_1)
FNDA:0,(anonymous_2)
FNDA:0,(anonymous_3)
FNDA:0,(anonymous_4)
FNDA:0,(anonymous_5)
FNDA:0,(anonymous_6)
FNDA:0,(anonymous_7)
FNDA:0,(anonymous_8)
DA:1,25
DA:7,25
DA:9,25
DA:11,25
DA:13,25
DA:20,25
DA:22,25
DA:24,25
DA:26,25
DA:28,25
DA:30,25
DA:32,25
DA:34,25
DA:36,25
DA:38,25
DA:40,25
DA:42,25
DA:44,25
DA:46,25
DA:48,25
DA:428,25
DA:434,0
DA:444,0
DA:454,0
DA:464,0
DA:474,0
DA:484,0
DA:494,0
LF:28
LH:21
BRDA:7,0,0,25
BRDA:7,0,1,25
BRDA:20,1,0,25
BRDA:20,1,1,25
BRF:4
BRH:4
end_of_record
TN:
SF:src/OperationsService.ts
FN:8,(anonymous_0)
FN:23,(anonymous_1)
FN:154,(anonymous_2)
FN:1041,(anonymous_3)
FN:1049,(anonymous_4)
FN:1057,(anonymous_5)
FN:1065,(anonymous_6)
FN:1075,(anonymous_7)
FN:1085,(anonymous_8)
FN:1100,(anonymous_9)
FNF:10
FNH:3
FNDA:25,(anonymous_0)
FNDA:25,(anonymous_1)
FNDA:25,(anonymous_2)
FNDA:0,(anonymous_3)
FNDA:0,(anonymous_4)
FNDA:0,(anonymous_5)
FNDA:0,(anonymous_6)
FNDA:0,(anonymous_7)
FNDA:0,(anonymous_8)
FNDA:0,(anonymous_9)
DA:1,25
DA:8,25
DA:10,25
DA:12,25
DA:14,25
DA:16,25
DA:23,25
DA:25,25
DA:27,25
DA:29,25
DA:31,25
DA:33,25
DA:35,25
DA:37,25
DA:39,25
DA:41,25
DA:43,25
DA:45,25
DA:47,25
DA:49,25
DA:51,25
DA:53,25
DA:55,25
DA:57,25
DA:59,25
DA:61,25
DA:63,25
DA:65,25
DA:67,25
DA:69,25
DA:71,25
DA:73,25
DA:75,25
DA:77,25
DA:79,25
DA:81,25
DA:83,25
DA:85,25
DA:87,25
DA:89,25
DA:91,25
DA:93,25
DA:95,25
DA:97,25
DA:99,25
DA:101,25
DA:103,25
DA:105,25
DA:107,25
DA:109,25
DA:111,25
DA:113,25
DA:115,25
DA:117,25
DA:119,25
DA:121,25
DA:123,25
DA:125,25
DA:127,25
DA:129,25
DA:131,25
DA:133,25
DA:135,25
DA:137,25
DA:139,25
DA:141,25
DA:143,25
DA:145,25
DA:147,25
DA:154,25
DA:156,25
DA:158,25
DA:160,25
DA:1035,25
DA:1042,0
DA:1050,0
DA:1058,0
DA:1068,0
DA:1078,0
DA:1088,0
DA:1103,0
LF:81
LH:74
BRDA:8,0,0,25
BRDA:8,0,1,25
BRDA:23,1,0,25
BRDA:23,1,1,25
BRDA:154,2,0,25
BRDA:154,2,1,25
BRF:6
BRH:6
end_of_record
TN:
SF:src/OrdersService.ts
FN:7,(anonymous_0)
FN:20,(anonymous_1)
FN:35,(anonymous_2)
FN:54,(anonymous_3)
FN:340,(anonymous_4)
FN:348,(anonymous_5)
FN:356,(anonymous_6)
FN:364,(anonymous_7)
FN:372,(anonymous_8)
FNF:9
FNH:4
FNDA:25,(anonymous_0)
FNDA:25,(anonymous_1)
FNDA:25,(anonymous_2)
FNDA:25,(anonymous_3)
FNDA:0,(anonymous_4)
FNDA:0,(anonymous_5)
FNDA:0,(anonymous_6)
FNDA:0,(anonymous_7)
FNDA:0,(anonymous_8)
DA:1,25
DA:7,25
DA:9,25
DA:11,25
DA:13,25
DA:20,25
DA:22,25
DA:24,25
DA:26,25
DA:28,25
DA:35,25
DA:37,25
DA:39,25
DA:41,25
DA:43,25
DA:45,25
DA:47,25
DA:54,25
DA:56,25
DA:58,25
DA:60,25
DA:335,25
DA:341,0
DA:349,0
DA:357,0
DA:365,0
DA:373,0
LF:27
LH:22
BRDA:7,0,0,25
BRDA:7,0,1,25
BRDA:20,1,0,25
BRDA:20,1,1,25
BRDA:35,2,0,25
BRDA:35,2,1,25
BRDA:54,3,0,25
BRDA:54,3,1,25
BRF:8
BRH:8
end_of_record
TN:
SF:src/SandboxService.ts
FN:52,(anonymous_0)
FN:70,(anonymous_1)
FN:80,(anonymous_2)
FN:90,(anonymous_3)
FN:98,(anonymous_4)
FN:108,(anonymous_5)
FN:116,(anonymous_6)
FN:127,(anonymous_7)
FN:135,(anonymous_8)
FN:145,(anonymous_9)
FN:155,(anonymous_10)
FN:165,(anonymous_11)
FN:175,(anonymous_12)
FN:185,(anonymous_13)
FNF:14
FNH:1
FNDA:0,(anonymous_0)
FNDA:1,(anonymous_1)
FNDA:0,(anonymous_2)
FNDA:0,(anonymous_3)
FNDA:0,(anonymous_4)
FNDA:0,(anonymous_5)
FNDA:0,(anonymous_6)
FNDA:0,(anonymous_7)
FNDA:0,(anonymous_8)
FNDA:0,(anonymous_9)
FNDA:0,(anonymous_10)
FNDA:0,(anonymous_11)
FNDA:0,(anonymous_12)
FNDA:0,(anonymous_13)
DA:1,25
DA:47,25
DA:55,0
DA:73,1
DA:83,0
DA:91,0
DA:101,0
DA:109,0
DA:119,0
DA:128,0
DA:138,0
DA:148,0
DA:158,0
DA:168,0
DA:178,0
DA:188,0
LF:16
LH:3
BRF:0
BRH:0
end_of_record
TN:
SF:src/StopOrdersService.ts
FN:7,(anonymous_0)
FN:20,(anonymous_1)
FN:33,(anonymous_2)
FN:199,(anonymous_3)
FN:209,(anonymous_4)
FN:219,(anonymous_5)
FNF:6
FNH:3
FNDA:25,(anonymous_0)
FNDA:25,(anonymous_1)
FNDA:25,(anonymous_2)
FNDA:0,(anonymous_3)
FNDA:0,(anonymous_4)
FNDA:0,(anonymous_5)
DA:1,25
DA:7,25
DA:9,25
DA:11,25
DA:13,25
DA:20,25
DA:22,25
DA:24,25
DA:26,25
DA:33,25
DA:35,25
DA:37,25
DA:39,25
DA:41,25
DA:194,25
DA:202,0
DA:212,0
DA:222,0
LF:18
LH:15
BRDA:7,0,0,25
BRDA:7,0,1,25
BRDA:20,1,0,25
BRDA:20,1,1,25
BRDA:33,2,0,25
BRDA:33,2,1,25
BRF:6
BRH:6
end_of_record
TN:
SF:src/UsersService.ts
FN:7,(anonymous_0)
FN:22,(anonymous_1)
FN:37,(anonymous_2)
FN:218,(anonymous_3)
FN:234,(anonymous_4)
FN:252,(anonymous_5)
FN:270,(anonymous_6)
FNF:7
FNH:7
FNDA:25,(anonymous_0)
FNDA:25,(anonymous_1)
FNDA:25,(anonymous_2)
FNDA:1,(anonymous_3)
FNDA:1,(anonymous_4)
FNDA:1,(anonymous_5)
FNDA:1,(anonymous_6)
DA:1,25
DA:7,25
DA:9,25
DA:11,25
DA:13,25
DA:15,25
DA:22,25
DA:24,25
DA:26,25
DA:28,25
DA:30,25
DA:37,25
DA:39,25
DA:41,25
DA:43,25
DA:45,25
DA:205,25
DA:219,1
DA:237,1
DA:255,1
DA:271,1
LF:21
LH:21
BRDA:7,0,0,25
BRDA:7,0,1,25
BRDA:22,1,0,25
BRDA:22,1,1,25
BRDA:37,2,0,25
BRDA:37,2,1,25
BRF:6
BRH:6
end_of_record
TN:
SF:src/index.ts
FNF:0
FNH:0
DA:1,25
DA:2,25
DA:3,25
DA:4,25
DA:5,25
DA:6,25
DA:7,25
DA:8,25
LF:8
LH:8
BRF:0
BRH:0
end_of_record
