TN:
SF:src/Common.ts
FN:1,(anonymous_7)
FN:62,(anonymous_8)
FN:86,(anonymous_9)
FNF:3
FNH:3
FNDA:40,(anonymous_7)
FNDA:40,(anonymous_8)
FNDA:113,(anonymous_9)
DA:1,40
DA:2,40
DA:3,40
DA:4,40
DA:5,40
DA:6,40
DA:7,40
DA:8,40
DA:9,40
DA:10,40
DA:11,40
DA:12,40
DA:13,40
DA:14,40
DA:15,40
DA:16,40
DA:17,40
DA:18,40
DA:37,40
DA:41,40
DA:46,40
DA:62,40
DA:91,113
DA:92,113
DA:94,113
DA:95,113
DA:105,113
DA:106,113
LF:28
LH:28
BRDA:1,0,0,40
BRDA:1,0,1,40
BRDA:91,1,0,113
BRDA:91,1,1,0
BRF:4
BRH:3
end_of_record
TN:
SF:src/InstrumentsService.ts
FN:6,(anonymous_0)
FN:31,(anonymous_1)
FN:54,(anonymous_2)
FN:67,(anonymous_3)
FN:80,(anonymous_4)
FN:93,(anonymous_5)
FN:106,(anonymous_6)
FN:123,(anonymous_7)
FN:139,(anonymous_8)
FN:164,(anonymous_9)
FN:181,(anonymous_10)
FN:194,(anonymous_11)
FN:207,(anonymous_12)
FN:222,(anonymous_13)
FN:2139,(anonymous_14)
FN:2161,(anonymous_15)
FN:2179,(anonymous_16)
FN:2199,(anonymous_17)
FN:2221,(anonymous_18)
FN:2239,(anonymous_19)
FN:2259,(anonymous_20)
FN:2277,(anonymous_21)
FN:2297,(anonymous_22)
FN:2315,(anonymous_23)
FN:2323,(anonymous_24)
FN:2342,(anonymous_25)
FN:2350,(anonymous_26)
FN:2370,(anonymous_27)
FN:2388,(anonymous_28)
FN:2408,(anonymous_29)
FN:2428,(anonymous_30)
FN:2450,(anonymous_31)
FN:2470,(anonymous_32)
FN:2490,(anonymous_33)
FN:2509,(anonymous_34)
FN:2525,(anonymous_35)
FN:2546,(anonymous_36)
FN:2564,(anonymous_37)
FN:2586,(anonymous_38)
FN:2604,(anonymous_39)
FN:2622,(anonymous_40)
FNF:41
FNH:38
FNDA:40,(anonymous_0)
FNDA:40,(anonymous_1)
FNDA:40,(anonymous_2)
FNDA:40,(anonymous_3)
FNDA:40,(anonymous_4)
FNDA:40,(anonymous_5)
FNDA:40,(anonymous_6)
FNDA:40,(anonymous_7)
FNDA:40,(anonymous_8)
FNDA:40,(anonymous_9)
FNDA:40,(anonymous_10)
FNDA:40,(anonymous_11)
FNDA:40,(anonymous_12)
FNDA:40,(anonymous_13)
FNDA:2,(anonymous_14)
FNDA:4,(anonymous_15)
FNDA:3,(anonymous_16)
FNDA:1,(anonymous_17)
FNDA:4,(anonymous_18)
FNDA:3,(anonymous_19)
FNDA:4,(anonymous_20)
FNDA:3,(anonymous_21)
FNDA:4,(anonymous_22)
FNDA:3,(anonymous_23)
FNDA:0,(anonymous_24)
FNDA:3,(anonymous_25)
FNDA:0,(anonymous_26)
FNDA:4,(anonymous_27)
FNDA:3,(anonymous_28)
FNDA:1,(anonymous_29)
FNDA:1,(anonymous_30)
FNDA:4,(anonymous_31)
FNDA:1,(anonymous_32)
FNDA:1,(anonymous_33)
FNDA:9,(anonymous_34)
FNDA:1,(anonymous_35)
FNDA:3,(anonymous_36)
FNDA:1,(anonymous_37)
FNDA:9,(anonymous_38)
FNDA:0,(anonymous_39)
FNDA:1,(anonymous_40)
DA:1,40
DA:6,40
DA:8,40
DA:10,40
DA:12,40
DA:14,40
DA:16,40
DA:18,40
DA:20,40
DA:22,40
DA:24,40
DA:31,40
DA:33,40
DA:35,40
DA:37,40
DA:39,40
DA:41,40
DA:43,40
DA:45,40
DA:47,40
DA:54,40
DA:56,40
DA:58,40
DA:60,40
DA:67,40
DA:69,40
DA:71,40
DA:73,40
DA:80,40
DA:82,40
DA:84,40
DA:86,40
DA:93,40
DA:95,40
DA:97,40
DA:99,40
DA:106,40
DA:108,40
DA:110,40
DA:112,40
DA:114,40
DA:116,40
DA:123,40
DA:125,40
DA:130,40
DA:132,40
DA:139,40
DA:141,40
DA:143,40
DA:145,40
DA:147,40
DA:149,40
DA:151,40
DA:153,40
DA:155,40
DA:157,40
DA:164,40
DA:166,40
DA:168,40
DA:170,40
DA:172,40
DA:174,40
DA:181,40
DA:183,40
DA:185,40
DA:187,40
DA:194,40
DA:196,40
DA:198,40
DA:200,40
DA:207,40
DA:209,40
DA:211,40
DA:213,40
DA:215,40
DA:222,40
DA:224,40
DA:226,40
DA:228,40
DA:2122,40
DA:2142,2
DA:2162,4
DA:2180,3
DA:2202,1
DA:2222,4
DA:2240,3
DA:2260,4
DA:2278,3
DA:2298,4
DA:2316,3
DA:2324,0
DA:2343,3
DA:2351,0
DA:2371,4
DA:2389,3
DA:2411,1
DA:2431,1
DA:2451,4
DA:2473,1
DA:2491,1
DA:2510,9
DA:2528,1
DA:2549,3
DA:2567,1
DA:2589,9
DA:2605,0
DA:2623,1
LF:107
LH:104
BRDA:6,0,0,40
BRDA:6,0,1,40
BRDA:31,1,0,40
BRDA:31,1,1,40
BRDA:54,2,0,40
BRDA:54,2,1,40
BRDA:67,3,0,40
BRDA:67,3,1,40
BRDA:80,4,0,40
BRDA:80,4,1,40
BRDA:93,5,0,40
BRDA:93,5,1,40
BRDA:106,6,0,40
BRDA:106,6,1,40
BRDA:123,7,0,40
BRDA:123,7,1,40
BRDA:139,8,0,40
BRDA:139,8,1,40
BRDA:164,9,0,40
BRDA:164,9,1,40
BRDA:181,10,0,40
BRDA:181,10,1,40
BRDA:194,11,0,40
BRDA:194,11,1,40
BRDA:207,12,0,40
BRDA:207,12,1,40
BRDA:222,13,0,40
BRDA:222,13,1,40
BRF:28
BRH:28
end_of_record
TN:
SF:src/MarketDataService.ts
FN:7,(anonymous_0)
FN:20,(anonymous_1)
FN:446,(anonymous_2)
FN:464,(anonymous_3)
FN:485,(anonymous_4)
FN:505,(anonymous_5)
FN:525,(anonymous_6)
FN:547,(anonymous_7)
FN:567,(anonymous_8)
FNF:9
FNH:9
FNDA:40,(anonymous_0)
FNDA:40,(anonymous_1)
FNDA:14,(anonymous_2)
FNDA:1,(anonymous_3)
FNDA:1,(anonymous_4)
FNDA:1,(anonymous_5)
FNDA:1,(anonymous_6)
FNDA:1,(anonymous_7)
FNDA:1,(anonymous_8)
DA:1,40
DA:7,40
DA:9,40
DA:11,40
DA:13,40
DA:20,40
DA:22,40
DA:24,40
DA:26,40
DA:28,40
DA:30,40
DA:32,40
DA:34,40
DA:36,40
DA:38,40
DA:40,40
DA:42,40
DA:44,40
DA:46,40
DA:48,40
DA:428,40
DA:447,14
DA:467,1
DA:488,1
DA:508,1
DA:528,1
DA:550,1
DA:570,1
LF:28
LH:28
BRDA:7,0,0,40
BRDA:7,0,1,40
BRDA:20,1,0,40
BRDA:20,1,1,40
BRF:4
BRH:4
end_of_record
TN:
SF:src/OperationsService.ts
FN:8,(anonymous_0)
FN:23,(anonymous_1)
FN:154,(anonymous_2)
FN:1055,(anonymous_3)
FN:1074,(anonymous_4)
FN:1092,(anonymous_5)
FN:1110,(anonymous_6)
FN:1135,(anonymous_7)
FN:1160,(anonymous_8)
FN:1198,(anonymous_9)
FNF:10
FNH:10
FNDA:40,(anonymous_0)
FNDA:40,(anonymous_1)
FNDA:40,(anonymous_2)
FNDA:4,(anonymous_3)
FNDA:3,(anonymous_4)
FNDA:1,(anonymous_5)
FNDA:1,(anonymous_6)
FNDA:1,(anonymous_7)
FNDA:1,(anonymous_8)
FNDA:4,(anonymous_9)
DA:1,40
DA:8,40
DA:10,40
DA:12,40
DA:14,40
DA:16,40
DA:23,40
DA:25,40
DA:27,40
DA:29,40
DA:31,40
DA:33,40
DA:35,40
DA:37,40
DA:39,40
DA:41,40
DA:43,40
DA:45,40
DA:47,40
DA:49,40
DA:51,40
DA:53,40
DA:55,40
DA:57,40
DA:59,40
DA:61,40
DA:63,40
DA:65,40
DA:67,40
DA:69,40
DA:71,40
DA:73,40
DA:75,40
DA:77,40
DA:79,40
DA:81,40
DA:83,40
DA:85,40
DA:87,40
DA:89,40
DA:91,40
DA:93,40
DA:95,40
DA:97,40
DA:99,40
DA:101,40
DA:103,40
DA:105,40
DA:107,40
DA:109,40
DA:111,40
DA:113,40
DA:115,40
DA:117,40
DA:119,40
DA:121,40
DA:123,40
DA:125,40
DA:127,40
DA:129,40
DA:131,40
DA:133,40
DA:135,40
DA:137,40
DA:139,40
DA:141,40
DA:143,40
DA:145,40
DA:147,40
DA:154,40
DA:156,40
DA:158,40
DA:160,40
DA:1035,40
DA:1056,4
DA:1075,3
DA:1093,1
DA:1113,1
DA:1138,1
DA:1163,1
DA:1201,4
LF:81
LH:81
BRDA:8,0,0,40
BRDA:8,0,1,40
BRDA:23,1,0,40
BRDA:23,1,1,40
BRDA:154,2,0,40
BRDA:154,2,1,40
BRF:6
BRH:6
end_of_record
TN:
SF:src/OrdersService.ts
FN:7,(anonymous_0)
FN:20,(anonymous_1)
FN:35,(anonymous_2)
FN:54,(anonymous_3)
FN:340,(anonymous_4)
FN:348,(anonymous_5)
FN:356,(anonymous_6)
FN:364,(anonymous_7)
FN:372,(anonymous_8)
FNF:9
FNH:4
FNDA:40,(anonymous_0)
FNDA:40,(anonymous_1)
FNDA:40,(anonymous_2)
FNDA:40,(anonymous_3)
FNDA:0,(anonymous_4)
FNDA:0,(anonymous_5)
FNDA:0,(anonymous_6)
FNDA:0,(anonymous_7)
FNDA:0,(anonymous_8)
DA:1,40
DA:7,40
DA:9,40
DA:11,40
DA:13,40
DA:20,40
DA:22,40
DA:24,40
DA:26,40
DA:28,40
DA:35,40
DA:37,40
DA:39,40
DA:41,40
DA:43,40
DA:45,40
DA:47,40
DA:54,40
DA:56,40
DA:58,40
DA:60,40
DA:335,40
DA:341,0
DA:349,0
DA:357,0
DA:365,0
DA:373,0
LF:27
LH:22
BRDA:7,0,0,40
BRDA:7,0,1,40
BRDA:20,1,0,40
BRDA:20,1,1,40
BRDA:35,2,0,40
BRDA:35,2,1,40
BRDA:54,3,0,40
BRDA:54,3,1,40
BRF:8
BRH:8
end_of_record
TN:
SF:src/SandboxService.ts
FN:52,(anonymous_0)
FN:70,(anonymous_1)
FN:80,(anonymous_2)
FN:90,(anonymous_3)
FN:98,(anonymous_4)
FN:108,(anonymous_5)
FN:116,(anonymous_6)
FN:127,(anonymous_7)
FN:135,(anonymous_8)
FN:145,(anonymous_9)
FN:155,(anonymous_10)
FN:165,(anonymous_11)
FN:175,(anonymous_12)
FN:185,(anonymous_13)
FNF:14
FNH:1
FNDA:0,(anonymous_0)
FNDA:1,(anonymous_1)
FNDA:0,(anonymous_2)
FNDA:0,(anonymous_3)
FNDA:0,(anonymous_4)
FNDA:0,(anonymous_5)
FNDA:0,(anonymous_6)
FNDA:0,(anonymous_7)
FNDA:0,(anonymous_8)
FNDA:0,(anonymous_9)
FNDA:0,(anonymous_10)
FNDA:0,(anonymous_11)
FNDA:0,(anonymous_12)
FNDA:0,(anonymous_13)
DA:1,40
DA:47,40
DA:55,0
DA:73,1
DA:83,0
DA:91,0
DA:101,0
DA:109,0
DA:119,0
DA:128,0
DA:138,0
DA:148,0
DA:158,0
DA:168,0
DA:178,0
DA:188,0
LF:16
LH:3
BRF:0
BRH:0
end_of_record
TN:
SF:src/StopOrdersService.ts
FN:7,(anonymous_0)
FN:20,(anonymous_1)
FN:33,(anonymous_2)
FN:199,(anonymous_3)
FN:209,(anonymous_4)
FN:219,(anonymous_5)
FNF:6
FNH:3
FNDA:40,(anonymous_0)
FNDA:40,(anonymous_1)
FNDA:40,(anonymous_2)
FNDA:0,(anonymous_3)
FNDA:0,(anonymous_4)
FNDA:0,(anonymous_5)
DA:1,40
DA:7,40
DA:9,40
DA:11,40
DA:13,40
DA:20,40
DA:22,40
DA:24,40
DA:26,40
DA:33,40
DA:35,40
DA:37,40
DA:39,40
DA:41,40
DA:194,40
DA:202,0
DA:212,0
DA:222,0
LF:18
LH:15
BRDA:7,0,0,40
BRDA:7,0,1,40
BRDA:20,1,0,40
BRDA:20,1,1,40
BRDA:33,2,0,40
BRDA:33,2,1,40
BRF:6
BRH:6
end_of_record
TN:
SF:src/UsersService.ts
FN:7,(anonymous_0)
FN:22,(anonymous_1)
FN:37,(anonymous_2)
FN:218,(anonymous_3)
FN:234,(anonymous_4)
FN:252,(anonymous_5)
FN:270,(anonymous_6)
FNF:7
FNH:7
FNDA:40,(anonymous_0)
FNDA:40,(anonymous_1)
FNDA:40,(anonymous_2)
FNDA:1,(anonymous_3)
FNDA:1,(anonymous_4)
FNDA:1,(anonymous_5)
FNDA:1,(anonymous_6)
DA:1,40
DA:7,40
DA:9,40
DA:11,40
DA:13,40
DA:15,40
DA:22,40
DA:24,40
DA:26,40
DA:28,40
DA:30,40
DA:37,40
DA:39,40
DA:41,40
DA:43,40
DA:45,40
DA:205,40
DA:219,1
DA:237,1
DA:255,1
DA:271,1
LF:21
LH:21
BRDA:7,0,0,40
BRDA:7,0,1,40
BRDA:22,1,0,40
BRDA:22,1,1,40
BRDA:37,2,0,40
BRDA:37,2,1,40
BRF:6
BRH:6
end_of_record
TN:
SF:src/index.ts
FNF:0
FNH:0
DA:1,40
DA:2,40
DA:3,40
DA:4,40
DA:5,40
DA:6,40
DA:7,40
DA:8,40
LF:8
LH:8
BRF:0
BRH:0
end_of_record
